low 3.0
=> creating model 'resnet50'
Test: [ 0/20]	Time  4.967 ( 4.967)	Loss 4.5541e+00 (4.5541e+00)	Acc@1   5.86 (  5.86)	Acc@5  21.88 ( 21.88)
Test: [10/20]	Time  1.013 ( 1.386)	Loss 6.0757e+00 (6.0059e+00)	Acc@1   2.73 (  2.52)	Acc@5  16.02 (  8.20)
 * Acc@1 2.480 Acc@5 9.100
low 6.0
=> creating model 'resnet50'
Test: [ 0/20]	Time  5.042 ( 5.042)	Loss 3.6647e+00 (3.6647e+00)	Acc@1   2.73 (  2.73)	Acc@5  37.89 ( 37.89)
Test: [10/20]	Time  1.026 ( 1.394)	Loss 7.2097e+00 (5.6381e+00)	Acc@1   1.95 (  3.02)	Acc@5   7.81 ( 12.14)
 * Acc@1 2.940 Acc@5 10.560
low 9.0
=> creating model 'resnet50'
Test: [ 0/20]	Time  5.051 ( 5.051)	Loss 3.7410e+00 (3.7410e+00)	Acc@1   2.73 (  2.73)	Acc@5  35.16 ( 35.16)
Test: [10/20]	Time  1.023 ( 1.402)	Loss 7.0161e+00 (5.3329e+00)	Acc@1   2.34 (  3.44)	Acc@5   8.20 ( 13.81)
 * Acc@1 3.240 Acc@5 12.420
low 12.0
=> creating model 'resnet50'
Test: [ 0/20]	Time  5.011 ( 5.011)	Loss 3.8303e+00 (3.8303e+00)	Acc@1   5.08 (  5.08)	Acc@5  38.67 ( 38.67)
Test: [10/20]	Time  1.013 ( 1.388)	Loss 6.0498e+00 (4.8110e+00)	Acc@1   2.73 (  5.86)	Acc@5  13.28 ( 21.24)
 * Acc@1 5.840 Acc@5 18.360
low 15.0
=> creating model 'resnet50'
Test: [ 0/20]	Time  5.019 ( 5.019)	Loss 3.9496e+00 (3.9496e+00)	Acc@1   7.81 (  7.81)	Acc@5  39.06 ( 39.06)
Test: [10/20]	Time  1.008 ( 1.373)	Loss 5.6811e+00 (4.6482e+00)	Acc@1   3.52 (  8.13)	Acc@5  17.97 ( 25.36)
 * Acc@1 7.860 Acc@5 21.980
low 18.0
=> creating model 'resnet50'
Test: [ 0/20]	Time  5.195 ( 5.195)	Loss 4.3556e+00 (4.3556e+00)	Acc@1  13.67 ( 13.67)	Acc@5  36.72 ( 36.72)
Test: [10/20]	Time  1.047 ( 1.423)	Loss 4.9512e+00 (4.4375e+00)	Acc@1  10.94 ( 12.82)	Acc@5  26.56 ( 32.56)
 * Acc@1 12.040 Acc@5 29.320
low 21.0
=> creating model 'resnet50'
Test: [ 0/20]	Time  5.242 ( 5.242)	Loss 4.5004e+00 (4.5004e+00)	Acc@1  11.33 ( 11.33)	Acc@5  35.55 ( 35.55)
Test: [10/20]	Time  1.032 ( 1.421)	Loss 4.6196e+00 (4.3168e+00)	Acc@1  11.72 ( 15.23)	Acc@5  31.25 ( 36.40)
 * Acc@1 14.300 Acc@5 33.260
low 24.0
=> creating model 'resnet50'
Test: [ 0/20]	Time  5.180 ( 5.180)	Loss 4.6569e+00 (4.6569e+00)	Acc@1  11.72 ( 11.72)	Acc@5  34.77 ( 34.77)
Test: [10/20]	Time  1.025 ( 1.414)	Loss 3.9083e+00 (3.9935e+00)	Acc@1  17.58 ( 20.88)	Acc@5  44.92 ( 43.47)
 * Acc@1 19.940 Acc@5 41.580
low 27.0
=> creating model 'resnet50'
Test: [ 0/20]	Time  5.205 ( 5.205)	Loss 4.5278e+00 (4.5278e+00)	Acc@1  13.67 ( 13.67)	Acc@5  39.06 ( 39.06)
Test: [10/20]	Time  1.006 ( 1.419)	Loss 3.5817e+00 (3.8064e+00)	Acc@1  20.31 ( 23.08)	Acc@5  52.73 ( 47.02)
 * Acc@1 22.140 Acc@5 45.160
low 30.0
=> creating model 'resnet50'
Test: [ 0/20]	Time  5.000 ( 5.000)	Loss 4.0725e+00 (4.0725e+00)	Acc@1  17.19 ( 17.19)	Acc@5  42.58 ( 42.58)
Test: [10/20]	Time  1.007 ( 1.366)	Loss 3.0535e+00 (3.3832e+00)	Acc@1  28.12 ( 29.19)	Acc@5  61.72 ( 53.98)
 * Acc@1 27.520 Acc@5 51.820
low 32.0
=> creating model 'resnet50'
Test: [ 0/20]	Time  5.232 ( 5.232)	Loss 3.8426e+00 (3.8426e+00)	Acc@1  17.97 ( 17.97)	Acc@5  45.31 ( 45.31)
Test: [10/20]	Time  0.981 ( 1.370)	Loss 2.7661e+00 (3.1864e+00)	Acc@1  35.16 ( 32.00)	Acc@5  64.84 ( 57.00)
 * Acc@1 29.940 Acc@5 55.240
low 48.0
=> creating model 'resnet50'
Test: [ 0/20]	Time  4.922 ( 4.922)	Loss 2.2224e+00 (2.2224e+00)	Acc@1  41.80 ( 41.80)	Acc@5  75.78 ( 75.78)
Test: [10/20]	Time  0.987 ( 1.370)	Loss 1.6546e+00 (1.8817e+00)	Acc@1  55.47 ( 54.97)	Acc@5  82.81 ( 78.94)
 * Acc@1 51.120 Acc@5 76.460
low 64.0
=> creating model 'resnet50'
Test: [ 0/20]	Time  5.026 ( 5.026)	Loss 1.4618e+00 (1.4618e+00)	Acc@1  62.11 ( 62.11)	Acc@5  85.16 ( 85.16)
Test: [10/20]	Time  1.023 ( 1.401)	Loss 1.2419e+00 (1.2812e+00)	Acc@1  67.19 ( 68.54)	Acc@5  86.72 ( 86.58)
 * Acc@1 64.160 Acc@5 84.540
low 80.0
=> creating model 'resnet50'
Test: [ 0/20]	Time  5.021 ( 5.021)	Loss 1.0619e+00 (1.0619e+00)	Acc@1  70.70 ( 70.70)	Acc@5  90.62 ( 90.62)
Test: [10/20]	Time  1.014 ( 1.389)	Loss 1.1372e+00 (9.3812e-01)	Acc@1  72.27 ( 76.85)	Acc@5  89.06 ( 91.69)
 * Acc@1 72.020 Acc@5 89.840
low 96.0
=> creating model 'resnet50'
Test: [ 0/20]	Time  5.120 ( 5.120)	Loss 8.2901e-01 (8.2901e-01)	Acc@1  78.52 ( 78.52)	Acc@5  94.14 ( 94.14)
Test: [10/20]	Time  0.995 ( 1.382)	Loss 9.9147e-01 (7.3052e-01)	Acc@1  75.78 ( 81.32)	Acc@5  89.84 ( 94.35)
 * Acc@1 77.000 Acc@5 92.720
low 112.0
=> creating model 'resnet50'
Test: [ 0/20]	Time  4.960 ( 4.960)	Loss 7.1541e-01 (7.1541e-01)	Acc@1  80.86 ( 80.86)	Acc@5  96.48 ( 96.48)
Test: [10/20]	Time  1.036 ( 1.397)	Loss 9.3585e-01 (6.3807e-01)	Acc@1  77.34 ( 83.88)	Acc@5  91.02 ( 95.35)
 * Acc@1 80.220 Acc@5 93.900
low 128.0
=> creating model 'resnet50'
Test: [ 0/20]	Time  4.991 ( 4.991)	Loss 6.7298e-01 (6.7298e-01)	Acc@1  81.64 ( 81.64)	Acc@5  96.48 ( 96.48)
Test: [10/20]	Time  1.044 ( 1.394)	Loss 9.1413e-01 (5.9641e-01)	Acc@1  77.34 ( 85.09)	Acc@5  91.41 ( 95.56)
 * Acc@1 81.500 Acc@5 94.340
low 144.0
=> creating model 'resnet50'
Test: [ 0/20]	Time  5.182 ( 5.182)	Loss 6.3648e-01 (6.3648e-01)	Acc@1  82.42 ( 82.42)	Acc@5  96.48 ( 96.48)
Test: [10/20]	Time  1.016 ( 1.406)	Loss 8.7176e-01 (5.6978e-01)	Acc@1  79.69 ( 86.15)	Acc@5  92.58 ( 96.20)
 * Acc@1 82.380 Acc@5 94.960
low 160.0
=> creating model 'resnet50'
Test: [ 0/20]	Time  5.161 ( 5.161)	Loss 6.3534e-01 (6.3534e-01)	Acc@1  83.20 ( 83.20)	Acc@5  96.88 ( 96.88)
Test: [10/20]	Time  1.008 ( 1.391)	Loss 8.5191e-01 (5.5843e-01)	Acc@1  80.86 ( 86.58)	Acc@5  92.19 ( 96.24)
 * Acc@1 83.040 Acc@5 95.180
low 176.0
=> creating model 'resnet50'
Test: [ 0/20]	Time  5.161 ( 5.161)	Loss 6.2586e-01 (6.2586e-01)	Acc@1  84.38 ( 84.38)	Acc@5  96.88 ( 96.88)
Test: [10/20]	Time  1.028 ( 1.402)	Loss 8.5320e-01 (5.5303e-01)	Acc@1  80.47 ( 86.75)	Acc@5  92.19 ( 96.41)
 * Acc@1 83.160 Acc@5 95.280
low 192.0
=> creating model 'resnet50'
Test: [ 0/20]	Time  5.287 ( 5.287)	Loss 6.1794e-01 (6.1794e-01)	Acc@1  84.77 ( 84.77)	Acc@5  96.88 ( 96.88)
Test: [10/20]	Time  1.041 ( 1.426)	Loss 8.5811e-01 (5.5215e-01)	Acc@1  80.47 ( 86.79)	Acc@5  91.80 ( 96.41)
 * Acc@1 83.260 Acc@5 95.320
low 194.0
=> creating model 'resnet50'
Test: [ 0/20]	Time  5.094 ( 5.094)	Loss 6.1848e-01 (6.1848e-01)	Acc@1  84.77 ( 84.77)	Acc@5  96.88 ( 96.88)
Test: [10/20]	Time  1.062 ( 1.413)	Loss 8.5686e-01 (5.5185e-01)	Acc@1  80.47 ( 86.72)	Acc@5  92.19 ( 96.45)
 * Acc@1 83.200 Acc@5 95.400
low 197.0
=> creating model 'resnet50'
Test: [ 0/20]	Time  5.213 ( 5.213)	Loss 6.2017e-01 (6.2017e-01)	Acc@1  84.77 ( 84.77)	Acc@5  96.88 ( 96.88)
Test: [10/20]	Time  1.036 ( 1.426)	Loss 8.5542e-01 (5.5203e-01)	Acc@1  80.86 ( 86.68)	Acc@5  92.19 ( 96.41)
 * Acc@1 83.160 Acc@5 95.360
low 200.0
=> creating model 'resnet50'
Test: [ 0/20]	Time  5.215 ( 5.215)	Loss 6.2135e-01 (6.2135e-01)	Acc@1  84.77 ( 84.77)	Acc@5  96.88 ( 96.88)
Test: [10/20]	Time  1.017 ( 1.424)	Loss 8.5768e-01 (5.5214e-01)	Acc@1  80.47 ( 86.72)	Acc@5  92.58 ( 96.41)
 * Acc@1 83.160 Acc@5 95.360
low 203.0
=> creating model 'resnet50'
Test: [ 0/20]	Time  5.201 ( 5.201)	Loss 6.2129e-01 (6.2129e-01)	Acc@1  84.77 ( 84.77)	Acc@5  96.88 ( 96.88)
Test: [10/20]	Time  1.022 ( 1.412)	Loss 8.5770e-01 (5.5187e-01)	Acc@1  80.47 ( 86.72)	Acc@5  92.19 ( 96.45)
 * Acc@1 83.160 Acc@5 95.380
low 206.0
=> creating model 'resnet50'
Test: [ 0/20]	Time  5.168 ( 5.168)	Loss 6.2108e-01 (6.2108e-01)	Acc@1  84.77 ( 84.77)	Acc@5  96.88 ( 96.88)
Test: [10/20]	Time  1.028 ( 1.417)	Loss 8.5801e-01 (5.5194e-01)	Acc@1  80.47 ( 86.68)	Acc@5  92.19 ( 96.41)
 * Acc@1 83.060 Acc@5 95.380
low 209.0
=> creating model 'resnet50'
Test: [ 0/20]	Time  5.079 ( 5.079)	Loss 6.2169e-01 (6.2169e-01)	Acc@1  84.77 ( 84.77)	Acc@5  96.88 ( 96.88)
Test: [10/20]	Time  0.992 ( 1.373)	Loss 8.5702e-01 (5.5203e-01)	Acc@1  80.47 ( 86.75)	Acc@5  92.19 ( 96.45)
 * Acc@1 83.080 Acc@5 95.400
low 212.0
=> creating model 'resnet50'
Test: [ 0/20]	Time  5.015 ( 5.015)	Loss 6.2156e-01 (6.2156e-01)	Acc@1  85.16 ( 85.16)	Acc@5  96.88 ( 96.88)
Test: [10/20]	Time  1.014 ( 1.397)	Loss 8.5644e-01 (5.5162e-01)	Acc@1  80.47 ( 86.72)	Acc@5  92.19 ( 96.41)
 * Acc@1 83.100 Acc@5 95.400
low 215.0
=> creating model 'resnet50'
Test: [ 0/20]	Time  5.154 ( 5.154)	Loss 6.2144e-01 (6.2144e-01)	Acc@1  85.16 ( 85.16)	Acc@5  96.88 ( 96.88)
Test: [10/20]	Time  1.038 ( 1.412)	Loss 8.5528e-01 (5.5132e-01)	Acc@1  80.47 ( 86.79)	Acc@5  92.58 ( 96.41)
 * Acc@1 83.140 Acc@5 95.320
low 218.0
=> creating model 'resnet50'
Test: [ 0/20]	Time  5.215 ( 5.215)	Loss 6.2264e-01 (6.2264e-01)	Acc@1  85.16 ( 85.16)	Acc@5  96.88 ( 96.88)
Test: [10/20]	Time  1.056 ( 1.426)	Loss 8.5562e-01 (5.5179e-01)	Acc@1  80.86 ( 86.93)	Acc@5  92.19 ( 96.38)
 * Acc@1 83.240 Acc@5 95.320
low 221.0
=> creating model 'resnet50'
Test: [ 0/20]	Time  5.186 ( 5.186)	Loss 6.2237e-01 (6.2237e-01)	Acc@1  84.77 ( 84.77)	Acc@5  96.88 ( 96.88)
Test: [10/20]	Time  1.003 ( 1.397)	Loss 8.5542e-01 (5.5189e-01)	Acc@1  80.86 ( 86.86)	Acc@5  92.58 ( 96.41)
 * Acc@1 83.240 Acc@5 95.360
low 224.0
=> creating model 'resnet50'
Test: [ 0/20]	Time  5.086 ( 5.086)	Loss 6.2246e-01 (6.2246e-01)	Acc@1  85.16 ( 85.16)	Acc@5  96.88 ( 96.88)
Test: [10/20]	Time  1.173 ( 1.408)	Loss 8.5720e-01 (5.5216e-01)	Acc@1  80.47 ( 86.90)	Acc@5  92.19 ( 96.41)
 * Acc@1 83.280 Acc@5 95.380
high 3.0
=> creating model 'resnet50'
Test: [ 0/20]	Time  5.303 ( 5.303)	Loss 1.0580e+00 (1.0580e+00)	Acc@1  74.22 ( 74.22)	Acc@5  92.97 ( 92.97)
Test: [10/20]	Time  1.030 ( 1.441)	Loss 9.4952e-01 (8.0692e-01)	Acc@1  76.95 ( 80.79)	Acc@5  92.58 ( 94.07)
 * Acc@1 77.000 Acc@5 92.540
high 6.0
=> creating model 'resnet50'
Test: [ 0/20]	Time  4.989 ( 4.989)	Loss 1.0487e+00 (1.0487e+00)	Acc@1  74.61 ( 74.61)	Acc@5  93.36 ( 93.36)
Test: [10/20]	Time  1.047 ( 1.415)	Loss 1.3607e+00 (1.1906e+00)	Acc@1  72.66 ( 73.26)	Acc@5  86.72 ( 89.31)
 * Acc@1 69.220 Acc@5 87.960
high 9.0
=> creating model 'resnet50'
Test: [ 0/20]	Time  5.049 ( 5.049)	Loss 1.1703e+00 (1.1703e+00)	Acc@1  69.92 ( 69.92)	Acc@5  92.97 ( 92.97)
Test: [10/20]	Time  1.011 ( 1.392)	Loss 1.5417e+00 (1.4285e+00)	Acc@1  70.31 ( 67.83)	Acc@5  82.81 ( 86.51)
 * Acc@1 64.240 Acc@5 85.140
high 12.0
=> creating model 'resnet50'
Test: [ 0/20]	Time  5.167 ( 5.167)	Loss 1.5711e+00 (1.5711e+00)	Acc@1  58.20 ( 58.20)	Acc@5  90.62 ( 90.62)
Test: [10/20]	Time  1.028 ( 1.393)	Loss 1.9147e+00 (1.9731e+00)	Acc@1  63.67 ( 57.56)	Acc@5  78.12 ( 80.11)
 * Acc@1 54.780 Acc@5 78.740
high 15.0
=> creating model 'resnet50'
Test: [ 0/20]	Time  5.085 ( 5.085)	Loss 1.8464e+00 (1.8464e+00)	Acc@1  53.12 ( 53.12)	Acc@5  86.33 ( 86.33)
Test: [10/20]	Time  1.027 ( 1.396)	Loss 2.1524e+00 (2.2822e+00)	Acc@1  59.38 ( 52.41)	Acc@5  75.78 ( 75.18)
 * Acc@1 49.820 Acc@5 74.460
high 18.0
=> creating model 'resnet50'
Test: [ 0/20]	Time  5.048 ( 5.048)	Loss 2.6288e+00 (2.6288e+00)	Acc@1  44.14 ( 44.14)	Acc@5  72.66 ( 72.66)
Test: [10/20]	Time  1.005 ( 1.380)	Loss 2.4223e+00 (2.8447e+00)	Acc@1  52.73 ( 42.97)	Acc@5  73.05 ( 66.94)
 * Acc@1 42.240 Acc@5 67.320
high 21.0
=> creating model 'resnet50'
Test: [ 0/20]	Time  5.233 ( 5.233)	Loss 3.1350e+00 (3.1350e+00)	Acc@1  33.98 ( 33.98)	Acc@5  61.33 ( 61.33)
Test: [10/20]	Time  1.035 ( 1.411)	Loss 2.4815e+00 (3.1578e+00)	Acc@1  52.73 ( 37.32)	Acc@5  70.70 ( 61.43)
 * Acc@1 37.320 Acc@5 62.860
high 24.0
=> creating model 'resnet50'
Test: [ 0/20]	Time  5.061 ( 5.061)	Loss 4.4522e+00 (4.4522e+00)	Acc@1  16.02 ( 16.02)	Acc@5  41.02 ( 41.02)
Test: [10/20]	Time  1.020 ( 1.394)	Loss 2.5926e+00 (3.8694e+00)	Acc@1  46.88 ( 25.92)	Acc@5  71.09 ( 49.54)
 * Acc@1 28.520 Acc@5 54.120
high 27.0
=> creating model 'resnet50'
Test: [ 0/20]	Time  5.203 ( 5.203)	Loss 5.0327e+00 (5.0327e+00)	Acc@1  12.11 ( 12.11)	Acc@5  31.25 ( 31.25)
Test: [10/20]	Time  1.023 ( 1.410)	Loss 2.6832e+00 (4.2250e+00)	Acc@1  47.27 ( 22.62)	Acc@5  68.75 ( 44.11)
 * Acc@1 25.880 Acc@5 49.400
high 30.0
=> creating model 'resnet50'
Test: [ 0/20]	Time  5.193 ( 5.193)	Loss 6.3268e+00 (6.3268e+00)	Acc@1   5.47 (  5.47)	Acc@5  18.36 ( 18.36)
Test: [10/20]	Time  1.062 ( 1.418)	Loss 2.9245e+00 (4.9245e+00)	Acc@1  39.84 ( 15.38)	Acc@5  64.06 ( 35.55)
 * Acc@1 20.080 Acc@5 42.920
high 32.0
=> creating model 'resnet50'
Test: [ 0/20]	Time  5.073 ( 5.073)	Loss 6.8744e+00 (6.8744e+00)	Acc@1   2.34 (  2.34)	Acc@5  12.11 ( 12.11)
Test: [10/20]	Time  0.993 ( 1.369)	Loss 3.0613e+00 (5.2594e+00)	Acc@1  39.45 ( 13.14)	Acc@5  64.45 ( 31.57)
 * Acc@1 17.920 Acc@5 39.580
high 48.0
=> creating model 'resnet50'
Test: [ 0/20]	Time  5.114 ( 5.114)	Loss 9.5611e+00 (9.5611e+00)	Acc@1   0.00 (  0.00)	Acc@5   0.39 (  0.39)
Test: [10/20]	Time  1.021 ( 1.396)	Loss 4.3173e+00 (7.3069e+00)	Acc@1  30.08 (  4.76)	Acc@5  45.70 ( 12.78)
 * Acc@1 8.540 Acc@5 23.860
high 64.0
=> creating model 'resnet50'
Test: [ 0/20]	Time  5.153 ( 5.153)	Loss 1.0369e+01 (1.0369e+01)	Acc@1   0.00 (  0.00)	Acc@5   0.00 (  0.00)
Test: [10/20]	Time  1.008 ( 1.409)	Loss 5.5385e+00 (8.1081e+00)	Acc@1  21.48 (  2.70)	Acc@5  34.38 (  7.24)
 * Acc@1 5.460 Acc@5 16.540
high 80.0
=> creating model 'resnet50'
Test: [ 0/20]	Time  5.133 ( 5.133)	Loss 1.0832e+01 (1.0832e+01)	Acc@1   0.00 (  0.00)	Acc@5   0.00 (  0.00)
Test: [10/20]	Time  1.032 ( 1.415)	Loss 6.6469e+00 (8.8925e+00)	Acc@1  13.28 (  1.49)	Acc@5  18.36 (  3.73)
 * Acc@1 3.300 Acc@5 10.520
high 96.0
=> creating model 'resnet50'
Test: [ 0/20]	Time  5.065 ( 5.065)	Loss 1.1138e+01 (1.1138e+01)	Acc@1   0.00 (  0.00)	Acc@5   0.00 (  0.00)
Test: [10/20]	Time  1.010 ( 1.381)	Loss 8.4328e+00 (9.8355e+00)	Acc@1   1.95 (  0.28)	Acc@5   7.03 (  2.70)
 * Acc@1 2.100 Acc@5 8.120
high 112.0
=> creating model 'resnet50'
Test: [ 0/20]	Time  4.981 ( 4.981)	Loss 1.0397e+01 (1.0397e+01)	Acc@1   0.00 (  0.00)	Acc@5   0.00 (  0.00)
Test: [10/20]	Time  1.010 ( 1.377)	Loss 9.6781e+00 (9.9689e+00)	Acc@1   0.00 (  0.00)	Acc@5   0.39 (  2.10)
 * Acc@1 1.700 Acc@5 7.240
high 128.0
=> creating model 'resnet50'
Test: [ 0/20]	Time  5.157 ( 5.157)	Loss 9.7863e+00 (9.7863e+00)	Acc@1   0.00 (  0.00)	Acc@5   0.00 (  0.00)
Test: [10/20]	Time  0.996 ( 1.383)	Loss 9.8539e+00 (9.8443e+00)	Acc@1   0.00 (  0.00)	Acc@5   0.00 (  1.74)
 * Acc@1 1.340 Acc@5 6.900
high 144.0
=> creating model 'resnet50'
Test: [ 0/20]	Time  5.085 ( 5.085)	Loss 8.8200e+00 (8.8200e+00)	Acc@1   0.00 (  0.00)	Acc@5   0.39 (  0.39)
Test: [10/20]	Time  1.008 ( 1.387)	Loss 9.7624e+00 (9.2356e+00)	Acc@1   0.00 (  0.00)	Acc@5   0.00 (  1.31)
 * Acc@1 1.300 Acc@5 6.880
high 160.0
=> creating model 'resnet50'
Test: [ 0/20]	Time  5.133 ( 5.133)	Loss 7.2094e+00 (7.2094e+00)	Acc@1   0.39 (  0.39)	Acc@5   0.78 (  0.78)
Test: [10/20]	Time  1.028 ( 1.393)	Loss 8.4898e+00 (7.8418e+00)	Acc@1   0.00 (  0.04)	Acc@5   0.00 (  0.64)
 * Acc@1 1.200 Acc@5 6.960
high 176.0
=> creating model 'resnet50'
Test: [ 0/20]	Time  4.904 ( 4.904)	Loss 5.7867e+00 (5.7867e+00)	Acc@1   1.17 (  1.17)	Acc@5   9.38 (  9.38)
Test: [10/20]	Time  1.030 ( 1.367)	Loss 6.3174e+00 (6.3550e+00)	Acc@1   0.00 (  0.11)	Acc@5   5.08 (  1.53)
 * Acc@1 1.460 Acc@5 7.600
high 192.0
=> creating model 'resnet50'
Test: [ 0/20]	Time  5.311 ( 5.311)	Loss 5.4115e+00 (5.4115e+00)	Acc@1   0.78 (  0.78)	Acc@5  15.23 ( 15.23)
Test: [10/20]	Time  1.019 ( 1.425)	Loss 5.5094e+00 (5.9341e+00)	Acc@1   0.39 (  0.11)	Acc@5  11.72 (  2.88)
 * Acc@1 1.160 Acc@5 6.200
high 194.0
=> creating model 'resnet50'
Test: [ 0/20]	Time  5.195 ( 5.195)	Loss 5.4074e+00 (5.4074e+00)	Acc@1   0.78 (  0.78)	Acc@5  15.62 ( 15.62)
Test: [10/20]	Time  1.006 ( 1.394)	Loss 5.5344e+00 (5.9404e+00)	Acc@1   0.39 (  0.11)	Acc@5  12.89 (  3.02)
 * Acc@1 1.200 Acc@5 5.860
high 197.0
=> creating model 'resnet50'
Test: [ 0/20]	Time  5.165 ( 5.165)	Loss 5.4117e+00 (5.4117e+00)	Acc@1   0.78 (  0.78)	Acc@5  17.19 ( 17.19)
Test: [10/20]	Time  1.042 ( 1.411)	Loss 5.5831e+00 (5.9578e+00)	Acc@1   0.39 (  0.11)	Acc@5  14.06 (  3.30)
 * Acc@1 1.160 Acc@5 5.720
high 200.0
=> creating model 'resnet50'
Test: [ 0/20]	Time  5.215 ( 5.215)	Loss 5.4399e+00 (5.4399e+00)	Acc@1   0.39 (  0.39)	Acc@5  17.19 ( 17.19)
Test: [10/20]	Time  1.027 ( 1.401)	Loss 5.7221e+00 (6.0021e+00)	Acc@1   0.00 (  0.04)	Acc@5  16.41 (  3.52)
 * Acc@1 1.020 Acc@5 5.340
high 203.0
=> creating model 'resnet50'
Test: [ 0/20]	Time  5.020 ( 5.020)	Loss 5.4555e+00 (5.4555e+00)	Acc@1   0.39 (  0.39)	Acc@5  17.58 ( 17.58)
Test: [10/20]	Time  1.077 ( 1.412)	Loss 5.7999e+00 (6.0283e+00)	Acc@1   0.00 (  0.04)	Acc@5  16.41 (  3.55)
 * Acc@1 1.060 Acc@5 5.240
usage: main_fft.py [-h] [-a ARCH] [-j N] [--epochs N] [--start-epoch N] [-b N]
                   [--lr LR] [--momentum M] [--wd W] [-p N] [--resume PATH]
                   [-e] [--pretrained] [--world-size WORLD_SIZE] [--rank RANK]
                   [--dist-url DIST_URL] [--dist-backend DIST_BACKEND]
                   [--seed SEED] [--num_classes NUM_CLASSES] [--gpu GPU]
                   [--multiprocessing-distributed] [--bw BW] [--filter FILTER]
                   DIR
main_fft.py: error: argument --filter: invalid int value: '1../../data/imagenet/data100/'
high 209.0
=> creating model 'resnet50'
Test: [ 0/20]	Time  5.059 ( 5.059)	Loss 5.5099e+00 (5.5099e+00)	Acc@1   0.00 (  0.00)	Acc@5  17.19 ( 17.19)
Test: [10/20]	Time  1.045 ( 1.414)	Loss 6.0348e+00 (6.1167e+00)	Acc@1   0.00 (  0.00)	Acc@5  16.41 (  3.59)
 * Acc@1 1.000 Acc@5 5.060
high 212.0
=> creating model 'resnet50'
Test: [ 0/20]	Time  4.987 ( 4.987)	Loss 5.4894e+00 (5.4894e+00)	Acc@1   0.00 (  0.00)	Acc@5  18.36 ( 18.36)
Test: [10/20]	Time  1.030 ( 1.393)	Loss 6.1350e+00 (6.1440e+00)	Acc@1   0.00 (  0.00)	Acc@5  16.02 (  3.69)
 * Acc@1 1.000 Acc@5 5.100
high 215.0
=> creating model 'resnet50'
Test: [ 0/20]	Time  4.987 ( 4.987)	Loss 5.4671e+00 (5.4671e+00)	Acc@1   0.00 (  0.00)	Acc@5  18.75 ( 18.75)
Test: [10/20]	Time  1.020 ( 1.384)	Loss 6.1783e+00 (6.1445e+00)	Acc@1   0.00 (  0.00)	Acc@5  15.62 (  3.98)
 * Acc@1 1.000 Acc@5 5.100
high 218.0
=> creating model 'resnet50'
Test: [ 0/20]	Time  5.264 ( 5.264)	Loss 5.4239e+00 (5.4239e+00)	Acc@1   0.00 (  0.00)	Acc@5  19.53 ( 19.53)
Test: [10/20]	Time  1.033 ( 1.407)	Loss 6.1775e+00 (6.1181e+00)	Acc@1   0.00 (  0.00)	Acc@5  15.62 (  4.87)
 * Acc@1 1.000 Acc@5 5.100
high 221.0
=> creating model 'resnet50'
Test: [ 0/20]	Time  5.119 ( 5.119)	Loss 5.4115e+00 (5.4115e+00)	Acc@1   0.00 (  0.00)	Acc@5  19.53 ( 19.53)
Test: [10/20]	Time  1.024 ( 1.408)	Loss 6.1644e+00 (6.1019e+00)	Acc@1   0.00 (  0.00)	Acc@5  15.62 (  5.29)
 * Acc@1 1.000 Acc@5 5.040
usage: main_fft.py [-h] [-a ARCH] [-j N] [--epochs N] [--start-epoch N] [-b N]
                   [--lr LR] [--momentum M] [--wd W] [-p N] [--resume PATH]
                   [-e] [--pretrained] [--world-size WORLD_SIZE] [--rank RANK]
                   [--dist-url DIST_URL] [--dist-backend DIST_BACKEND]
                   [--seed SEED] [--num_classes NUM_CLASSES] [--gpu GPU]
                   [--multiprocessing-distributed] [--bw BW] [--filter FILTER]
                   DIR
main_fft.py: error: argument --filter: invalid int value: '1../../data/imagenet/data100/'
