low 3.0
=> creating model 'resnet50'
Test: [ 0/40]	Time  3.448 ( 3.448)	Loss 6.2208e+00 (6.2208e+00)	Acc@1   0.00 (  0.00)	Acc@5   0.00 (  0.00)
Test: [10/40]	Time  0.565 ( 0.831)	Loss 5.0701e+00 (5.6337e+00)	Acc@1   0.00 (  0.18)	Acc@5   1.95 (  0.96)
Test: [20/40]	Time  0.581 ( 0.708)	Loss 4.7148e+00 (5.5351e+00)	Acc@1   0.00 (  0.37)	Acc@5   3.52 (  3.66)
Test: [30/40]	Time  0.559 ( 0.660)	Loss 4.2100e+00 (5.4401e+00)	Acc@1   3.12 (  1.36)	Acc@5  11.33 (  5.08)
 * Acc@1 1.180 Acc@5 5.850
low 6.0
=> creating model 'resnet50'
Test: [ 0/40]	Time  3.660 ( 3.660)	Loss 6.3269e+00 (6.3269e+00)	Acc@1   0.00 (  0.00)	Acc@5   0.00 (  0.00)
Test: [10/40]	Time  0.581 ( 0.856)	Loss 6.1547e+00 (6.1965e+00)	Acc@1   0.00 (  0.18)	Acc@5   8.98 (  4.83)
Test: [20/40]	Time  0.564 ( 0.722)	Loss 5.4545e+00 (5.7940e+00)	Acc@1   0.78 (  3.48)	Acc@5   4.69 ( 10.08)
Test: [30/40]	Time  0.561 ( 0.672)	Loss 5.1758e+00 (5.8505e+00)	Acc@1   0.00 (  2.60)	Acc@5  16.02 (  9.64)
 * Acc@1 2.470 Acc@5 10.310
low 9.0
=> creating model 'resnet50'
Test: [ 0/40]	Time  3.688 ( 3.688)	Loss 6.4896e+00 (6.4896e+00)	Acc@1   0.00 (  0.00)	Acc@5   0.00 (  0.00)
Test: [10/40]	Time  0.603 ( 0.884)	Loss 6.7621e+00 (6.5386e+00)	Acc@1   0.00 (  0.57)	Acc@5   1.17 (  7.85)
Test: [20/40]	Time  0.596 ( 0.750)	Loss 5.5429e+00 (6.0231e+00)	Acc@1   0.78 (  3.46)	Acc@5   2.73 ( 10.92)
Test: [30/40]	Time  0.583 ( 0.698)	Loss 5.2615e+00 (6.0217e+00)	Acc@1   0.00 (  2.81)	Acc@5  11.33 ( 10.40)
 * Acc@1 2.970 Acc@5 10.960
low 12.0
=> creating model 'resnet50'
Test: [ 0/40]	Time  3.436 ( 3.436)	Loss 7.6787e+00 (7.6787e+00)	Acc@1   0.00 (  0.00)	Acc@5   0.00 (  0.00)
Test: [10/40]	Time  0.575 ( 0.843)	Loss 8.1567e+00 (7.7292e+00)	Acc@1   0.00 (  2.81)	Acc@5   0.00 (  8.24)
Test: [20/40]	Time  0.571 ( 0.720)	Loss 5.5731e+00 (7.0430e+00)	Acc@1   0.78 (  3.48)	Acc@5  18.75 ( 10.58)
Test: [30/40]	Time  0.565 ( 0.673)	Loss 5.7520e+00 (6.9440e+00)	Acc@1   0.00 (  3.24)	Acc@5   7.81 ( 10.07)
 * Acc@1 3.670 Acc@5 11.130
low 15.0
=> creating model 'resnet50'
Test: [ 0/40]	Time  3.609 ( 3.609)	Loss 8.0688e+00 (8.0688e+00)	Acc@1   0.00 (  0.00)	Acc@5   0.39 (  0.39)
Test: [10/40]	Time  0.574 ( 0.855)	Loss 8.5948e+00 (8.1207e+00)	Acc@1   0.00 (  3.48)	Acc@5   0.00 (  8.49)
Test: [20/40]	Time  0.570 ( 0.724)	Loss 5.4361e+00 (7.3931e+00)	Acc@1   1.17 (  3.63)	Acc@5  27.34 ( 11.44)
Test: [30/40]	Time  0.576 ( 0.676)	Loss 5.9241e+00 (7.2762e+00)	Acc@1   0.00 (  3.40)	Acc@5   8.59 ( 10.76)
 * Acc@1 3.840 Acc@5 12.060
low 18.0
=> creating model 'resnet50'
Test: [ 0/40]	Time  3.738 ( 3.738)	Loss 8.1258e+00 (8.1258e+00)	Acc@1   0.00 (  0.00)	Acc@5   0.78 (  0.78)
Test: [10/40]	Time  0.578 ( 0.870)	Loss 8.5107e+00 (8.1090e+00)	Acc@1   0.00 (  3.76)	Acc@5   0.00 (  9.84)
Test: [20/40]	Time  0.591 ( 0.733)	Loss 4.9835e+00 (7.3884e+00)	Acc@1   8.20 (  4.63)	Acc@5  34.77 ( 13.71)
Test: [30/40]	Time  0.557 ( 0.680)	Loss 5.6971e+00 (7.2563e+00)	Acc@1   0.00 (  4.12)	Acc@5  14.84 ( 13.18)
 * Acc@1 4.580 Acc@5 14.970
low 21.0
=> creating model 'resnet50'
Test: [ 0/40]	Time  3.349 ( 3.349)	Loss 7.7359e+00 (7.7359e+00)	Acc@1   0.00 (  0.00)	Acc@5   1.17 (  1.17)
Test: [10/40]	Time  0.570 ( 0.828)	Loss 7.9732e+00 (7.7037e+00)	Acc@1   0.00 (  4.26)	Acc@5   0.00 ( 11.19)
Test: [20/40]	Time  0.575 ( 0.709)	Loss 4.8365e+00 (7.0330e+00)	Acc@1   6.64 (  5.51)	Acc@5  37.11 ( 15.66)
Test: [30/40]	Time  0.558 ( 0.661)	Loss 5.3775e+00 (6.9156e+00)	Acc@1   1.56 (  4.73)	Acc@5  19.53 ( 15.11)
 * Acc@1 5.300 Acc@5 17.290
low 24.0
=> creating model 'resnet50'
Test: [ 0/40]	Time  3.507 ( 3.507)	Loss 6.4804e+00 (6.4804e+00)	Acc@1   1.56 (  1.56)	Acc@5   8.59 (  8.59)
Test: [10/40]	Time  0.581 ( 0.850)	Loss 6.3061e+00 (6.4283e+00)	Acc@1   2.34 (  6.53)	Acc@5   7.42 ( 15.55)
Test: [20/40]	Time  0.576 ( 0.724)	Loss 4.3683e+00 (5.8955e+00)	Acc@1  12.11 (  8.65)	Acc@5  43.36 ( 21.84)
Test: [30/40]	Time  0.563 ( 0.674)	Loss 4.7323e+00 (5.8559e+00)	Acc@1   4.30 (  7.23)	Acc@5  33.20 ( 21.32)
 * Acc@1 8.150 Acc@5 24.120
low 27.0
=> creating model 'resnet50'
Test: [ 0/40]	Time  3.553 ( 3.553)	Loss 5.7961e+00 (5.7961e+00)	Acc@1   2.73 (  2.73)	Acc@5  10.16 ( 10.16)
Test: [10/40]	Time  0.588 ( 0.851)	Loss 5.5811e+00 (5.7371e+00)	Acc@1   6.64 (  8.91)	Acc@5  14.45 ( 19.71)
Test: [20/40]	Time  0.580 ( 0.722)	Loss 4.2562e+00 (5.3031e+00)	Acc@1  14.06 ( 11.20)	Acc@5  44.92 ( 25.82)
Test: [30/40]	Time  0.557 ( 0.672)	Loss 4.3182e+00 (5.2928e+00)	Acc@1   7.81 (  9.40)	Acc@5  39.06 ( 25.35)
 * Acc@1 10.480 Acc@5 28.260
low 30.0
=> creating model 'resnet50'
Test: [ 0/40]	Time  3.587 ( 3.587)	Loss 4.5117e+00 (4.5117e+00)	Acc@1   7.42 (  7.42)	Acc@5  24.61 ( 24.61)
Test: [10/40]	Time  0.578 ( 0.860)	Loss 4.3509e+00 (4.5394e+00)	Acc@1  14.45 ( 14.10)	Acc@5  31.64 ( 31.00)
Test: [20/40]	Time  0.574 ( 0.729)	Loss 3.8727e+00 (4.2947e+00)	Acc@1  17.58 ( 16.20)	Acc@5  50.00 ( 35.97)
Test: [30/40]	Time  0.553 ( 0.675)	Loss 3.7662e+00 (4.3520e+00)	Acc@1  11.72 ( 13.87)	Acc@5  46.48 ( 35.03)
 * Acc@1 15.300 Acc@5 37.610
low 32.0
=> creating model 'resnet50'
Test: [ 0/40]	Time  3.609 ( 3.609)	Loss 3.9548e+00 (3.9548e+00)	Acc@1  13.28 ( 13.28)	Acc@5  34.77 ( 34.77)
Test: [10/40]	Time  0.576 ( 0.845)	Loss 3.8975e+00 (4.1039e+00)	Acc@1  18.36 ( 17.76)	Acc@5  40.23 ( 36.97)
Test: [20/40]	Time  0.561 ( 0.718)	Loss 3.7394e+00 (3.9137e+00)	Acc@1  16.41 ( 19.46)	Acc@5  51.17 ( 41.05)
Test: [30/40]	Time  0.550 ( 0.664)	Loss 3.5232e+00 (3.9917e+00)	Acc@1  14.06 ( 16.70)	Acc@5  45.70 ( 39.44)
 * Acc@1 18.220 Acc@5 42.050
low 48.0
=> creating model 'resnet50'
Test: [ 0/40]	Time  3.253 ( 3.253)	Loss 1.9269e+00 (1.9269e+00)	Acc@1  48.83 ( 48.83)	Acc@5  80.47 ( 80.47)
Test: [10/40]	Time  0.596 ( 0.839)	Loss 2.1360e+00 (2.1535e+00)	Acc@1  46.09 ( 44.74)	Acc@5  72.27 ( 72.66)
Test: [20/40]	Time  0.602 ( 0.725)	Loss 2.5355e+00 (2.1919e+00)	Acc@1  39.84 ( 44.03)	Acc@5  69.92 ( 72.97)
Test: [30/40]	Time  0.583 ( 0.682)	Loss 2.5776e+00 (2.3128e+00)	Acc@1  30.08 ( 40.47)	Acc@5  66.80 ( 71.02)
 * Acc@1 41.650 Acc@5 71.920
low 64.0
=> creating model 'resnet50'
Test: [ 0/40]	Time  3.576 ( 3.576)	Loss 1.3983e+00 (1.3983e+00)	Acc@1  61.72 ( 61.72)	Acc@5  89.06 ( 89.06)
Test: [10/40]	Time  0.587 ( 0.860)	Loss 1.6105e+00 (1.5084e+00)	Acc@1  57.42 ( 59.23)	Acc@5  82.42 ( 84.94)
Test: [20/40]	Time  0.597 ( 0.733)	Loss 1.7565e+00 (1.5674e+00)	Acc@1  58.59 ( 57.72)	Acc@5  83.20 ( 84.80)
Test: [30/40]	Time  0.566 ( 0.681)	Loss 2.0606e+00 (1.6690e+00)	Acc@1  41.02 ( 54.54)	Acc@5  76.95 ( 83.56)
 * Acc@1 55.000 Acc@5 83.870
low 80.0
=> creating model 'resnet50'
Test: [ 0/40]	Time  3.645 ( 3.645)	Loss 1.1141e+00 (1.1141e+00)	Acc@1  68.36 ( 68.36)	Acc@5  94.92 ( 94.92)
Test: [10/40]	Time  0.605 ( 0.871)	Loss 1.1907e+00 (1.1809e+00)	Acc@1  66.80 ( 66.23)	Acc@5  89.45 ( 90.62)
Test: [20/40]	Time  0.581 ( 0.733)	Loss 1.2275e+00 (1.2381e+00)	Acc@1  69.14 ( 64.34)	Acc@5  89.84 ( 90.53)
Test: [30/40]	Time  0.557 ( 0.679)	Loss 1.6874e+00 (1.3161e+00)	Acc@1  48.44 ( 62.06)	Acc@5  86.33 ( 89.52)
 * Acc@1 62.710 Acc@5 89.740
low 96.0
=> creating model 'resnet50'
Test: [ 0/40]	Time  3.514 ( 3.514)	Loss 9.7764e-01 (9.7764e-01)	Acc@1  69.53 ( 69.53)	Acc@5  96.09 ( 96.09)
Test: [10/40]	Time  0.586 ( 0.848)	Loss 9.8869e-01 (9.9888e-01)	Acc@1  67.97 ( 70.03)	Acc@5  93.36 ( 93.64)
Test: [20/40]	Time  0.579 ( 0.721)	Loss 1.0090e+00 (1.0559e+00)	Acc@1  70.70 ( 68.34)	Acc@5  93.75 ( 93.40)
Test: [30/40]	Time  0.561 ( 0.671)	Loss 1.4590e+00 (1.1219e+00)	Acc@1  54.69 ( 66.60)	Acc@5  89.45 ( 92.63)
 * Acc@1 67.200 Acc@5 92.660
low 112.0
=> creating model 'resnet50'
Test: [ 0/40]	Time  3.413 ( 3.413)	Loss 9.2199e-01 (9.2199e-01)	Acc@1  71.88 ( 71.88)	Acc@5  96.09 ( 96.09)
Test: [10/40]	Time  0.578 ( 0.840)	Loss 9.4041e-01 (9.3493e-01)	Acc@1  70.70 ( 71.66)	Acc@5  95.31 ( 94.32)
Test: [20/40]	Time  0.590 ( 0.721)	Loss 9.5317e-01 (9.8769e-01)	Acc@1  71.48 ( 70.33)	Acc@5  94.53 ( 94.22)
Test: [30/40]	Time  0.552 ( 0.671)	Loss 1.3794e+00 (1.0451e+00)	Acc@1  60.16 ( 69.09)	Acc@5  91.41 ( 93.55)
 * Acc@1 69.360 Acc@5 93.710
low 128.0
=> creating model 'resnet50'
Test: [ 0/40]	Time  3.676 ( 3.676)	Loss 9.1652e-01 (9.1652e-01)	Acc@1  71.09 ( 71.09)	Acc@5  96.48 ( 96.48)
Test: [10/40]	Time  0.595 ( 0.869)	Loss 9.2521e-01 (9.0960e-01)	Acc@1  70.31 ( 72.30)	Acc@5  96.09 ( 94.96)
Test: [20/40]	Time  0.581 ( 0.735)	Loss 9.3559e-01 (9.6213e-01)	Acc@1  72.66 ( 71.11)	Acc@5  95.31 ( 94.66)
Test: [30/40]	Time  0.564 ( 0.681)	Loss 1.3477e+00 (1.0143e+00)	Acc@1  60.16 ( 69.90)	Acc@5  90.62 ( 94.04)
 * Acc@1 70.230 Acc@5 94.140
low 144.0
=> creating model 'resnet50'
Test: [ 0/40]	Time  3.680 ( 3.680)	Loss 9.2162e-01 (9.2162e-01)	Acc@1  69.92 ( 69.92)	Acc@5  96.88 ( 96.88)
Test: [10/40]	Time  0.591 ( 0.865)	Loss 8.9589e-01 (9.0428e-01)	Acc@1  71.88 ( 72.59)	Acc@5  96.48 ( 94.96)
Test: [20/40]	Time  0.581 ( 0.728)	Loss 9.3561e-01 (9.5379e-01)	Acc@1  73.05 ( 71.30)	Acc@5  94.92 ( 94.70)
Test: [30/40]	Time  0.568 ( 0.676)	Loss 1.3376e+00 (1.0021e+00)	Acc@1  58.98 ( 70.00)	Acc@5  92.58 ( 94.19)
 * Acc@1 70.460 Acc@5 94.190
low 160.0
=> creating model 'resnet50'
Test: [ 0/40]	Time  3.595 ( 3.595)	Loss 9.4226e-01 (9.4226e-01)	Acc@1  68.75 ( 68.75)	Acc@5  96.48 ( 96.48)
Test: [10/40]	Time  0.584 ( 0.850)	Loss 8.9818e-01 (9.0096e-01)	Acc@1  70.31 ( 72.62)	Acc@5  97.27 ( 95.10)
Test: [20/40]	Time  0.573 ( 0.720)	Loss 9.2686e-01 (9.4698e-01)	Acc@1  75.39 ( 71.63)	Acc@5  95.31 ( 94.88)
Test: [30/40]	Time  0.537 ( 0.668)	Loss 1.3286e+00 (9.9270e-01)	Acc@1  58.98 ( 70.31)	Acc@5  91.80 ( 94.42)
 * Acc@1 70.740 Acc@5 94.460
low 176.0
=> creating model 'resnet50'
Test: [ 0/40]	Time  3.236 ( 3.236)	Loss 9.5001e-01 (9.5001e-01)	Acc@1  69.53 ( 69.53)	Acc@5  96.48 ( 96.48)
Test: [10/40]	Time  0.598 ( 0.834)	Loss 9.0975e-01 (9.0086e-01)	Acc@1  69.53 ( 72.41)	Acc@5  97.27 ( 95.06)
Test: [20/40]	Time  0.584 ( 0.716)	Loss 9.2107e-01 (9.4395e-01)	Acc@1  75.78 ( 71.65)	Acc@5  94.92 ( 94.88)
Test: [30/40]	Time  0.553 ( 0.665)	Loss 1.3310e+00 (9.8876e-01)	Acc@1  59.38 ( 70.33)	Acc@5  92.58 ( 94.44)
 * Acc@1 70.880 Acc@5 94.480
low 192.0
=> creating model 'resnet50'
Test: [ 0/40]	Time  3.519 ( 3.519)	Loss 9.5639e-01 (9.5639e-01)	Acc@1  69.53 ( 69.53)	Acc@5  96.09 ( 96.09)
Test: [10/40]	Time  0.582 ( 0.851)	Loss 9.1872e-01 (9.0141e-01)	Acc@1  70.70 ( 72.55)	Acc@5  96.88 ( 95.10)
Test: [20/40]	Time  0.580 ( 0.722)	Loss 9.1984e-01 (9.4307e-01)	Acc@1  75.78 ( 71.67)	Acc@5  94.53 ( 94.96)
Test: [30/40]	Time  0.565 ( 0.673)	Loss 1.3250e+00 (9.8717e-01)	Acc@1  58.98 ( 70.39)	Acc@5  92.19 ( 94.53)
 * Acc@1 70.950 Acc@5 94.570
low 194.0
=> creating model 'resnet50'
Test: [ 0/40]	Time  3.650 ( 3.650)	Loss 9.5655e-01 (9.5655e-01)	Acc@1  69.53 ( 69.53)	Acc@5  96.09 ( 96.09)
Test: [10/40]	Time  0.611 ( 0.876)	Loss 9.2046e-01 (9.0159e-01)	Acc@1  70.70 ( 72.62)	Acc@5  96.88 ( 95.10)
Test: [20/40]	Time  0.595 ( 0.739)	Loss 9.1958e-01 (9.4316e-01)	Acc@1  75.78 ( 71.74)	Acc@5  94.53 ( 94.92)
Test: [30/40]	Time  0.577 ( 0.689)	Loss 1.3251e+00 (9.8710e-01)	Acc@1  58.98 ( 70.45)	Acc@5  92.19 ( 94.51)
 * Acc@1 71.020 Acc@5 94.550
low 197.0
=> creating model 'resnet50'
Test: [ 0/40]	Time  3.530 ( 3.530)	Loss 9.5578e-01 (9.5578e-01)	Acc@1  69.53 ( 69.53)	Acc@5  96.09 ( 96.09)
Test: [10/40]	Time  0.568 ( 0.840)	Loss 9.2025e-01 (9.0159e-01)	Acc@1  70.70 ( 72.62)	Acc@5  96.88 ( 95.06)
Test: [20/40]	Time  0.568 ( 0.712)	Loss 9.1968e-01 (9.4314e-01)	Acc@1  75.78 ( 71.76)	Acc@5  94.53 ( 94.94)
Test: [30/40]	Time  0.563 ( 0.664)	Loss 1.3247e+00 (9.8702e-01)	Acc@1  58.98 ( 70.45)	Acc@5  92.19 ( 94.52)
 * Acc@1 70.990 Acc@5 94.560
low 200.0
=> creating model 'resnet50'
Test: [ 0/40]	Time  3.471 ( 3.471)	Loss 9.5514e-01 (9.5514e-01)	Acc@1  69.53 ( 69.53)	Acc@5  96.09 ( 96.09)
Test: [10/40]	Time  0.572 ( 0.837)	Loss 9.2164e-01 (9.0159e-01)	Acc@1  70.70 ( 72.62)	Acc@5  96.88 ( 95.10)
Test: [20/40]	Time  0.569 ( 0.710)	Loss 9.2005e-01 (9.4315e-01)	Acc@1  75.78 ( 71.84)	Acc@5  94.14 ( 94.92)
Test: [30/40]	Time  0.553 ( 0.662)	Loss 1.3245e+00 (9.8692e-01)	Acc@1  58.98 ( 70.50)	Acc@5  92.19 ( 94.53)
 * Acc@1 71.070 Acc@5 94.570
low 203.0
=> creating model 'resnet50'
Test: [ 0/40]	Time  3.549 ( 3.549)	Loss 9.5573e-01 (9.5573e-01)	Acc@1  69.14 ( 69.14)	Acc@5  96.09 ( 96.09)
Test: [10/40]	Time  0.574 ( 0.850)	Loss 9.2237e-01 (9.0189e-01)	Acc@1  70.70 ( 72.55)	Acc@5  96.88 ( 95.06)
Test: [20/40]	Time  0.578 ( 0.722)	Loss 9.2043e-01 (9.4322e-01)	Acc@1  75.78 ( 71.74)	Acc@5  94.14 ( 94.90)
Test: [30/40]	Time  0.568 ( 0.672)	Loss 1.3239e+00 (9.8689e-01)	Acc@1  58.98 ( 70.46)	Acc@5  92.19 ( 94.51)
 * Acc@1 71.050 Acc@5 94.550
low 206.0
=> creating model 'resnet50'
Test: [ 0/40]	Time  3.520 ( 3.520)	Loss 9.5542e-01 (9.5542e-01)	Acc@1  69.53 ( 69.53)	Acc@5  96.09 ( 96.09)
Test: [10/40]	Time  0.605 ( 0.866)	Loss 9.2240e-01 (9.0179e-01)	Acc@1  70.70 ( 72.59)	Acc@5  96.88 ( 94.99)
Test: [20/40]	Time  0.601 ( 0.742)	Loss 9.2105e-01 (9.4302e-01)	Acc@1  75.78 ( 71.71)	Acc@5  94.53 ( 94.87)
Test: [30/40]	Time  0.574 ( 0.693)	Loss 1.3240e+00 (9.8672e-01)	Acc@1  58.98 ( 70.39)	Acc@5  92.19 ( 94.48)
 * Acc@1 71.020 Acc@5 94.530
low 209.0
=> creating model 'resnet50'
Test: [ 0/40]	Time  3.530 ( 3.530)	Loss 9.5555e-01 (9.5555e-01)	Acc@1  69.92 ( 69.92)	Acc@5  96.09 ( 96.09)
Test: [10/40]	Time  0.605 ( 0.873)	Loss 9.2244e-01 (9.0175e-01)	Acc@1  70.31 ( 72.62)	Acc@5  96.88 ( 94.99)
Test: [20/40]	Time  0.601 ( 0.744)	Loss 9.2150e-01 (9.4312e-01)	Acc@1  75.78 ( 71.74)	Acc@5  94.14 ( 94.85)
Test: [30/40]	Time  0.578 ( 0.693)	Loss 1.3235e+00 (9.8671e-01)	Acc@1  58.98 ( 70.45)	Acc@5  92.19 ( 94.48)
 * Acc@1 71.020 Acc@5 94.530
low 212.0
=> creating model 'resnet50'
Test: [ 0/40]	Time  3.227 ( 3.227)	Loss 9.5649e-01 (9.5649e-01)	Acc@1  69.53 ( 69.53)	Acc@5  96.09 ( 96.09)
Test: [10/40]	Time  0.602 ( 0.836)	Loss 9.2135e-01 (9.0155e-01)	Acc@1  70.70 ( 72.69)	Acc@5  96.88 ( 95.06)
Test: [20/40]	Time  0.593 ( 0.723)	Loss 9.2044e-01 (9.4311e-01)	Acc@1  75.78 ( 71.86)	Acc@5  94.14 ( 94.85)
Test: [30/40]	Time  0.586 ( 0.680)	Loss 1.3231e+00 (9.8666e-01)	Acc@1  58.98 ( 70.51)	Acc@5  92.19 ( 94.47)
 * Acc@1 71.070 Acc@5 94.510
low 215.0
=> creating model 'resnet50'
Test: [ 0/40]	Time  3.702 ( 3.702)	Loss 9.5640e-01 (9.5640e-01)	Acc@1  69.53 ( 69.53)	Acc@5  96.09 ( 96.09)
Test: [10/40]	Time  0.587 ( 0.862)	Loss 9.2143e-01 (9.0147e-01)	Acc@1  70.31 ( 72.62)	Acc@5  96.88 ( 95.06)
Test: [20/40]	Time  0.570 ( 0.728)	Loss 9.2020e-01 (9.4304e-01)	Acc@1  76.17 ( 71.80)	Acc@5  94.14 ( 94.83)
Test: [30/40]	Time  0.563 ( 0.676)	Loss 1.3226e+00 (9.8653e-01)	Acc@1  58.98 ( 70.50)	Acc@5  92.19 ( 94.46)
 * Acc@1 71.050 Acc@5 94.500
low 218.0
=> creating model 'resnet50'
Test: [ 0/40]	Time  3.671 ( 3.671)	Loss 9.5649e-01 (9.5649e-01)	Acc@1  69.14 ( 69.14)	Acc@5  96.09 ( 96.09)
Test: [10/40]	Time  0.585 ( 0.874)	Loss 9.2191e-01 (9.0120e-01)	Acc@1  69.92 ( 72.66)	Acc@5  96.88 ( 95.03)
Test: [20/40]	Time  0.590 ( 0.741)	Loss 9.2107e-01 (9.4310e-01)	Acc@1  75.78 ( 71.76)	Acc@5  94.14 ( 94.87)
Test: [30/40]	Time  0.579 ( 0.689)	Loss 1.3226e+00 (9.8636e-01)	Acc@1  58.98 ( 70.46)	Acc@5  92.58 ( 94.48)
 * Acc@1 71.050 Acc@5 94.530
low 221.0
=> creating model 'resnet50'
Test: [ 0/40]	Time  3.616 ( 3.616)	Loss 9.5651e-01 (9.5651e-01)	Acc@1  69.53 ( 69.53)	Acc@5  96.09 ( 96.09)
Test: [10/40]	Time  0.591 ( 0.852)	Loss 9.2132e-01 (9.0101e-01)	Acc@1  69.92 ( 72.69)	Acc@5  96.88 ( 95.06)
Test: [20/40]	Time  0.568 ( 0.718)	Loss 9.2165e-01 (9.4301e-01)	Acc@1  75.78 ( 71.80)	Acc@5  94.14 ( 94.88)
Test: [30/40]	Time  0.545 ( 0.668)	Loss 1.3229e+00 (9.8633e-01)	Acc@1  58.98 ( 70.55)	Acc@5  92.58 ( 94.48)
 * Acc@1 71.120 Acc@5 94.530
low 224.0
=> creating model 'resnet50'
Test: [ 0/40]	Time  3.460 ( 3.460)	Loss 9.5683e-01 (9.5683e-01)	Acc@1  69.14 ( 69.14)	Acc@5  96.09 ( 96.09)
Test: [10/40]	Time  0.584 ( 0.848)	Loss 9.2157e-01 (9.0042e-01)	Acc@1  69.92 ( 72.62)	Acc@5  96.88 ( 95.06)
Test: [20/40]	Time  0.584 ( 0.723)	Loss 9.2137e-01 (9.4262e-01)	Acc@1  76.56 ( 71.89)	Acc@5  94.14 ( 94.88)
Test: [30/40]	Time  0.576 ( 0.677)	Loss 1.3226e+00 (9.8601e-01)	Acc@1  59.38 ( 70.59)	Acc@5  92.58 ( 94.49)
 * Acc@1 71.140 Acc@5 94.560
high 3.0
=> creating model 'resnet50'
Test: [ 0/40]	Time  3.654 ( 3.654)	Loss 1.0907e+00 (1.0907e+00)	Acc@1  66.02 ( 66.02)	Acc@5  94.92 ( 94.92)
Test: [10/40]	Time  0.605 ( 0.890)	Loss 1.0699e+00 (1.0852e+00)	Acc@1  68.75 ( 68.36)	Acc@5  93.75 ( 92.86)
Test: [20/40]	Time  0.601 ( 0.756)	Loss 8.8695e-01 (1.0929e+00)	Acc@1  76.17 ( 67.89)	Acc@5  94.53 ( 93.04)
Test: [30/40]	Time  0.572 ( 0.700)	Loss 1.6643e+00 (1.1285e+00)	Acc@1  48.05 ( 66.52)	Acc@5  90.62 ( 92.78)
 * Acc@1 66.330 Acc@5 92.640
high 6.0
=> creating model 'resnet50'
Test: [ 0/40]	Time  3.576 ( 3.576)	Loss 1.2300e+00 (1.2300e+00)	Acc@1  60.55 ( 60.55)	Acc@5  92.97 ( 92.97)
Test: [10/40]	Time  0.564 ( 0.845)	Loss 1.3251e+00 (1.4518e+00)	Acc@1  61.33 ( 58.56)	Acc@5  89.45 ( 88.21)
Test: [20/40]	Time  0.570 ( 0.715)	Loss 1.0934e+00 (1.4063e+00)	Acc@1  69.92 ( 59.82)	Acc@5  92.97 ( 89.08)
Test: [30/40]	Time  0.560 ( 0.666)	Loss 1.9458e+00 (1.4254e+00)	Acc@1  41.41 ( 59.11)	Acc@5  87.89 ( 89.01)
 * Acc@1 58.730 Acc@5 88.800
high 9.0
=> creating model 'resnet50'
Test: [ 0/40]	Time  3.508 ( 3.508)	Loss 1.3012e+00 (1.3012e+00)	Acc@1  58.59 ( 58.59)	Acc@5  92.19 ( 92.19)
Test: [10/40]	Time  0.573 ( 0.844)	Loss 1.4835e+00 (1.6508e+00)	Acc@1  60.94 ( 53.98)	Acc@5  87.89 ( 85.44)
Test: [20/40]	Time  0.581 ( 0.718)	Loss 1.1975e+00 (1.5778e+00)	Acc@1  65.62 ( 55.34)	Acc@5  93.36 ( 87.03)
Test: [30/40]	Time  0.565 ( 0.671)	Loss 2.0483e+00 (1.5864e+00)	Acc@1  37.89 ( 54.99)	Acc@5  85.55 ( 86.95)
 * Acc@1 54.770 Acc@5 86.650
high 12.0
=> creating model 'resnet50'
Test: [ 0/40]	Time  3.527 ( 3.527)	Loss 1.4353e+00 (1.4353e+00)	Acc@1  58.20 ( 58.20)	Acc@5  91.02 ( 91.02)
Test: [10/40]	Time  0.584 ( 0.849)	Loss 1.6654e+00 (2.1006e+00)	Acc@1  58.98 ( 46.38)	Acc@5  87.11 ( 77.24)
Test: [20/40]	Time  0.581 ( 0.722)	Loss 1.5802e+00 (2.0325e+00)	Acc@1  55.86 ( 46.60)	Acc@5  85.55 ( 78.96)
Test: [30/40]	Time  0.568 ( 0.674)	Loss 2.2503e+00 (2.0178e+00)	Acc@1  31.25 ( 46.47)	Acc@5  85.55 ( 79.52)
 * Acc@1 46.100 Acc@5 79.140
high 15.0
=> creating model 'resnet50'
Test: [ 0/40]	Time  3.645 ( 3.645)	Loss 1.4722e+00 (1.4722e+00)	Acc@1  55.08 ( 55.08)	Acc@5  91.80 ( 91.80)
Test: [10/40]	Time  0.582 ( 0.870)	Loss 1.7295e+00 (2.3255e+00)	Acc@1  57.03 ( 41.83)	Acc@5  84.77 ( 73.26)
Test: [20/40]	Time  0.585 ( 0.738)	Loss 1.7576e+00 (2.2792e+00)	Acc@1  54.30 ( 42.00)	Acc@5  82.81 ( 74.13)
Test: [30/40]	Time  0.569 ( 0.686)	Loss 2.3910e+00 (2.2655e+00)	Acc@1  28.91 ( 41.95)	Acc@5  79.69 ( 74.58)
 * Acc@1 41.900 Acc@5 74.300
high 18.0
=> creating model 'resnet50'
Test: [ 0/40]	Time  3.419 ( 3.419)	Loss 1.5103e+00 (1.5103e+00)	Acc@1  54.69 ( 54.69)	Acc@5  91.02 ( 91.02)
Test: [10/40]	Time  0.586 ( 0.846)	Loss 1.7877e+00 (2.7168e+00)	Acc@1  54.69 ( 36.04)	Acc@5  84.77 ( 65.62)
Test: [20/40]	Time  0.599 ( 0.726)	Loss 2.1513e+00 (2.7221e+00)	Acc@1  48.83 ( 36.12)	Acc@5  75.78 ( 66.31)
Test: [30/40]	Time  0.576 ( 0.679)	Loss 2.5033e+00 (2.7078e+00)	Acc@1  27.73 ( 35.96)	Acc@5  76.95 ( 66.61)
 * Acc@1 35.770 Acc@5 66.390
high 21.0
=> creating model 'resnet50'
Test: [ 0/40]	Time  3.903 ( 3.903)	Loss 1.5191e+00 (1.5191e+00)	Acc@1  53.12 ( 53.12)	Acc@5  91.41 ( 91.41)
Test: [10/40]	Time  0.603 ( 0.904)	Loss 1.8080e+00 (2.8346e+00)	Acc@1  51.95 ( 32.85)	Acc@5  84.38 ( 63.81)
Test: [20/40]	Time  0.608 ( 0.762)	Loss 2.2640e+00 (2.8738e+00)	Acc@1  44.92 ( 33.07)	Acc@5  71.09 ( 63.28)
Test: [30/40]	Time  0.585 ( 0.705)	Loss 2.5484e+00 (2.8670e+00)	Acc@1  28.91 ( 33.40)	Acc@5  75.39 ( 63.53)
 * Acc@1 33.270 Acc@5 63.110
high 24.0
=> creating model 'resnet50'
Test: [ 0/40]	Time  3.522 ( 3.522)	Loss 1.5671e+00 (1.5671e+00)	Acc@1  50.39 ( 50.39)	Acc@5  89.45 ( 89.45)
Test: [10/40]	Time  0.584 ( 0.854)	Loss 1.9137e+00 (3.0743e+00)	Acc@1  47.66 ( 29.40)	Acc@5  81.25 ( 57.39)
Test: [20/40]	Time  0.599 ( 0.728)	Loss 2.6252e+00 (3.1359e+00)	Acc@1  36.72 ( 28.70)	Acc@5  64.45 ( 56.94)
Test: [30/40]	Time  0.571 ( 0.680)	Loss 2.7276e+00 (3.1319e+00)	Acc@1  23.05 ( 28.94)	Acc@5  65.23 ( 57.12)
 * Acc@1 28.480 Acc@5 56.740
high 27.0
=> creating model 'resnet50'
Test: [ 0/40]	Time  3.641 ( 3.641)	Loss 1.6347e+00 (1.6347e+00)	Acc@1  51.95 ( 51.95)	Acc@5  87.89 ( 87.89)
Test: [10/40]	Time  0.577 ( 0.858)	Loss 2.0297e+00 (3.2312e+00)	Acc@1  43.75 ( 27.38)	Acc@5  83.20 ( 54.08)
Test: [20/40]	Time  0.576 ( 0.726)	Loss 2.8018e+00 (3.2892e+00)	Acc@1  32.42 ( 26.67)	Acc@5  61.33 ( 53.89)
Test: [30/40]	Time  0.561 ( 0.675)	Loss 2.8308e+00 (3.2757e+00)	Acc@1  21.09 ( 26.85)	Acc@5  63.28 ( 54.15)
 * Acc@1 26.380 Acc@5 53.600
high 30.0
=> creating model 'resnet50'
Test: [ 0/40]	Time  3.282 ( 3.282)	Loss 1.7754e+00 (1.7754e+00)	Acc@1  45.31 ( 45.31)	Acc@5  84.77 ( 84.77)
Test: [10/40]	Time  0.573 ( 0.823)	Loss 2.2583e+00 (3.5962e+00)	Acc@1  37.50 ( 22.48)	Acc@5  75.78 ( 47.19)
Test: [20/40]	Time  0.566 ( 0.703)	Loss 3.3063e+00 (3.6319e+00)	Acc@1  24.61 ( 22.27)	Acc@5  48.83 ( 47.67)
Test: [30/40]	Time  0.541 ( 0.655)	Loss 3.1124e+00 (3.6009e+00)	Acc@1  15.62 ( 22.49)	Acc@5  56.25 ( 48.08)
 * Acc@1 22.180 Acc@5 47.130
high 32.0
=> creating model 'resnet50'
Test: [ 0/40]	Time  3.641 ( 3.641)	Loss 1.8989e+00 (1.8989e+00)	Acc@1  43.75 ( 43.75)	Acc@5  85.16 ( 85.16)
Test: [10/40]	Time  0.568 ( 0.850)	Loss 2.3710e+00 (3.7966e+00)	Acc@1  35.55 ( 20.13)	Acc@5  76.17 ( 44.74)
Test: [20/40]	Time  0.576 ( 0.718)	Loss 3.5279e+00 (3.8082e+00)	Acc@1  19.14 ( 20.05)	Acc@5  45.31 ( 45.26)
Test: [30/40]	Time  0.563 ( 0.668)	Loss 3.2692e+00 (3.7686e+00)	Acc@1  11.72 ( 20.16)	Acc@5  54.30 ( 45.79)
 * Acc@1 19.860 Acc@5 44.610
high 48.0
=> creating model 'resnet50'
Test: [ 0/40]	Time  3.725 ( 3.725)	Loss 3.3039e+00 (3.3039e+00)	Acc@1  19.14 ( 19.14)	Acc@5  52.73 ( 52.73)
Test: [10/40]	Time  0.607 ( 0.893)	Loss 3.4869e+00 (5.4235e+00)	Acc@1  14.84 (  6.89)	Acc@5  57.03 ( 23.01)
Test: [20/40]	Time  0.605 ( 0.753)	Loss 5.2608e+00 (5.1815e+00)	Acc@1   8.20 (  7.89)	Acc@5  17.97 ( 25.91)
Test: [30/40]	Time  0.566 ( 0.698)	Loss 4.7505e+00 (5.0862e+00)	Acc@1   1.56 (  8.35)	Acc@5  21.88 ( 26.44)
 * Acc@1 9.170 Acc@5 25.670
high 64.0
=> creating model 'resnet50'
Test: [ 0/40]	Time  3.363 ( 3.363)	Loss 5.0089e+00 (5.0089e+00)	Acc@1   4.30 (  4.30)	Acc@5  20.70 ( 20.70)
Test: [10/40]	Time  0.586 ( 0.846)	Loss 5.0313e+00 (7.0115e+00)	Acc@1   3.52 (  1.14)	Acc@5  35.55 (  9.84)
Test: [20/40]	Time  0.583 ( 0.728)	Loss 6.4248e+00 (6.4968e+00)	Acc@1   4.69 (  2.34)	Acc@5  14.84 ( 13.65)
Test: [30/40]	Time  0.563 ( 0.678)	Loss 5.7374e+00 (6.3639e+00)	Acc@1   0.78 (  2.86)	Acc@5   5.47 ( 14.20)
 * Acc@1 3.840 Acc@5 14.790
high 80.0
=> creating model 'resnet50'
Test: [ 0/40]	Time  3.388 ( 3.388)	Loss 6.0826e+00 (6.0826e+00)	Acc@1   0.39 (  0.39)	Acc@5   5.08 (  5.08)
Test: [10/40]	Time  0.582 ( 0.837)	Loss 5.8879e+00 (7.6202e+00)	Acc@1   0.39 (  0.36)	Acc@5  17.58 (  4.47)
Test: [20/40]	Time  0.566 ( 0.712)	Loss 6.9666e+00 (7.0556e+00)	Acc@1   0.78 (  1.12)	Acc@5   6.64 (  8.43)
Test: [30/40]	Time  0.557 ( 0.665)	Loss 6.0731e+00 (6.9213e+00)	Acc@1   0.00 (  1.51)	Acc@5   1.95 (  9.00)
 * Acc@1 2.350 Acc@5 9.890
high 96.0
=> creating model 'resnet50'
Test: [ 0/40]	Time  3.647 ( 3.647)	Loss 6.6356e+00 (6.6356e+00)	Acc@1   0.00 (  0.00)	Acc@5   0.78 (  0.78)
Test: [10/40]	Time  0.575 ( 0.856)	Loss 6.2580e+00 (7.7392e+00)	Acc@1   0.00 (  0.32)	Acc@5   7.81 (  3.20)
Test: [20/40]	Time  0.574 ( 0.723)	Loss 7.1791e+00 (7.2155e+00)	Acc@1   0.00 (  0.56)	Acc@5   1.95 (  6.83)
Test: [30/40]	Time  0.560 ( 0.672)	Loss 6.2795e+00 (7.1059e+00)	Acc@1   0.00 (  0.92)	Acc@5   0.78 (  7.13)
 * Acc@1 1.770 Acc@5 8.180
high 112.0
=> creating model 'resnet50'
Test: [ 0/40]	Time  3.605 ( 3.605)	Loss 7.0126e+00 (7.0126e+00)	Acc@1   0.00 (  0.00)	Acc@5   0.00 (  0.00)
Test: [10/40]	Time  0.586 ( 0.861)	Loss 6.2584e+00 (7.7756e+00)	Acc@1   0.00 (  0.36)	Acc@5   6.25 (  3.30)
Test: [20/40]	Time  0.579 ( 0.731)	Loss 7.3025e+00 (7.2709e+00)	Acc@1   0.00 (  0.47)	Acc@5   1.17 (  6.64)
Test: [30/40]	Time  0.559 ( 0.681)	Loss 6.3028e+00 (7.1516e+00)	Acc@1   0.00 (  0.78)	Acc@5   1.56 (  6.91)
 * Acc@1 1.690 Acc@5 7.620
high 128.0
=> creating model 'resnet50'
Test: [ 0/40]	Time  3.345 ( 3.345)	Loss 7.0722e+00 (7.0722e+00)	Acc@1   0.00 (  0.00)	Acc@5   0.00 (  0.00)
Test: [10/40]	Time  0.588 ( 0.850)	Loss 6.0224e+00 (7.5790e+00)	Acc@1   0.00 (  0.43)	Acc@5   6.25 (  3.73)
Test: [20/40]	Time  0.592 ( 0.728)	Loss 7.2749e+00 (7.1011e+00)	Acc@1   0.00 (  0.48)	Acc@5   1.56 (  6.75)
Test: [30/40]	Time  0.576 ( 0.682)	Loss 6.1274e+00 (6.9641e+00)	Acc@1   0.00 (  0.71)	Acc@5   1.95 (  6.85)
 * Acc@1 1.670 Acc@5 7.460
high 144.0
=> creating model 'resnet50'
Test: [ 0/40]	Time  3.632 ( 3.632)	Loss 6.8818e+00 (6.8818e+00)	Acc@1   0.00 (  0.00)	Acc@5   0.00 (  0.00)
Test: [10/40]	Time  0.614 ( 0.879)	Loss 5.5990e+00 (7.0521e+00)	Acc@1   0.00 (  0.60)	Acc@5   3.52 (  3.87)
Test: [20/40]	Time  0.586 ( 0.743)	Loss 6.7076e+00 (6.6269e+00)	Acc@1   0.00 (  0.65)	Acc@5   1.95 (  6.81)
Test: [30/40]	Time  0.560 ( 0.690)	Loss 5.5990e+00 (6.4820e+00)	Acc@1   0.00 (  0.74)	Acc@5   1.95 (  6.97)
 * Acc@1 1.760 Acc@5 7.490
high 160.0
=> creating model 'resnet50'
Test: [ 0/40]	Time  3.351 ( 3.351)	Loss 6.6382e+00 (6.6382e+00)	Acc@1   0.00 (  0.00)	Acc@5   0.00 (  0.00)
Test: [10/40]	Time  0.593 ( 0.849)	Loss 5.1873e+00 (6.4515e+00)	Acc@1   0.39 (  1.14)	Acc@5   3.12 (  4.01)
Test: [20/40]	Time  0.583 ( 0.728)	Loss 5.5897e+00 (6.0732e+00)	Acc@1   0.00 (  1.32)	Acc@5   3.12 (  7.12)
Test: [30/40]	Time  0.565 ( 0.678)	Loss 5.0322e+00 (5.9325e+00)	Acc@1   0.00 (  1.45)	Acc@5   6.25 (  7.40)
 * Acc@1 2.320 Acc@5 7.980
high 176.0
=> creating model 'resnet50'
Test: [ 0/40]	Time  3.343 ( 3.343)	Loss 6.7864e+00 (6.7864e+00)	Acc@1   0.00 (  0.00)	Acc@5   0.00 (  0.00)
Test: [10/40]	Time  0.596 ( 0.842)	Loss 5.1369e+00 (6.0657e+00)	Acc@1   0.39 (  1.24)	Acc@5   2.73 (  3.66)
Test: [20/40]	Time  0.585 ( 0.723)	Loss 4.6287e+00 (5.7800e+00)	Acc@1   0.00 (  1.08)	Acc@5   4.69 (  7.05)
Test: [30/40]	Time  0.586 ( 0.678)	Loss 4.8290e+00 (5.6595e+00)	Acc@1   0.00 (  1.70)	Acc@5   6.25 (  7.48)
 * Acc@1 1.760 Acc@5 7.700
high 192.0
=> creating model 'resnet50'
Test: [ 0/40]	Time  3.539 ( 3.539)	Loss 6.8399e+00 (6.8399e+00)	Acc@1   0.00 (  0.00)	Acc@5   0.00 (  0.00)
Test: [10/40]	Time  0.571 ( 0.848)	Loss 5.3340e+00 (5.9802e+00)	Acc@1   0.00 (  0.57)	Acc@5   0.39 (  1.63)
Test: [20/40]	Time  0.567 ( 0.720)	Loss 4.6365e+00 (5.7969e+00)	Acc@1   0.00 (  0.32)	Acc@5   1.95 (  3.85)
Test: [30/40]	Time  0.557 ( 0.668)	Loss 4.7573e+00 (5.6765e+00)	Acc@1   0.00 (  1.35)	Acc@5   0.00 (  5.42)
 * Acc@1 1.100 Acc@5 5.440
high 194.0
=> creating model 'resnet50'
Test: [ 0/40]	Time  3.298 ( 3.298)	Loss 6.8570e+00 (6.8570e+00)	Acc@1   0.00 (  0.00)	Acc@5   0.00 (  0.00)
Test: [10/40]	Time  0.591 ( 0.835)	Loss 5.3692e+00 (5.9941e+00)	Acc@1   0.00 (  0.46)	Acc@5   0.39 (  1.49)
Test: [20/40]	Time  0.576 ( 0.716)	Loss 4.6676e+00 (5.8144e+00)	Acc@1   0.00 (  0.26)	Acc@5   1.56 (  3.61)
Test: [30/40]	Time  0.565 ( 0.670)	Loss 4.7539e+00 (5.6923e+00)	Acc@1   0.00 (  1.34)	Acc@5   0.00 (  5.23)
 * Acc@1 1.080 Acc@5 5.340
high 197.0
=> creating model 'resnet50'
Test: [ 0/40]	Time  3.420 ( 3.420)	Loss 6.8809e+00 (6.8809e+00)	Acc@1   0.00 (  0.00)	Acc@5   0.00 (  0.00)
Test: [10/40]	Time  0.585 ( 0.851)	Loss 5.4011e+00 (6.0103e+00)	Acc@1   0.00 (  0.39)	Acc@5   0.39 (  1.28)
Test: [20/40]	Time  0.588 ( 0.725)	Loss 4.7010e+00 (5.8338e+00)	Acc@1   0.00 (  0.22)	Acc@5   1.17 (  3.40)
Test: [30/40]	Time  0.570 ( 0.676)	Loss 4.7528e+00 (5.7098e+00)	Acc@1   0.00 (  1.37)	Acc@5   0.00 (  5.13)
 * Acc@1 1.100 Acc@5 5.240
high 200.0
=> creating model 'resnet50'
Test: [ 0/40]	Time  3.732 ( 3.732)	Loss 6.9407e+00 (6.9407e+00)	Acc@1   0.00 (  0.00)	Acc@5   0.00 (  0.00)
Test: [10/40]	Time  0.590 ( 0.885)	Loss 5.4705e+00 (6.0499e+00)	Acc@1   0.00 (  0.21)	Acc@5   0.00 (  0.99)
Test: [20/40]	Time  0.585 ( 0.746)	Loss 4.7657e+00 (5.8778e+00)	Acc@1   0.00 (  0.11)	Acc@5   0.39 (  2.99)
Test: [30/40]	Time  0.555 ( 0.690)	Loss 4.7560e+00 (5.7504e+00)	Acc@1   0.00 (  1.32)	Acc@5   0.00 (  4.86)
 * Acc@1 1.050 Acc@5 5.030
high 203.0
=> creating model 'resnet50'
Test: [ 0/40]	Time  3.596 ( 3.596)	Loss 6.9663e+00 (6.9663e+00)	Acc@1   0.00 (  0.00)	Acc@5   0.00 (  0.00)
Test: [10/40]	Time  0.579 ( 0.859)	Loss 5.5066e+00 (6.0671e+00)	Acc@1   0.00 (  0.11)	Acc@5   0.00 (  0.82)
Test: [20/40]	Time  0.593 ( 0.730)	Loss 4.8009e+00 (5.8993e+00)	Acc@1   0.00 (  0.07)	Acc@5   0.39 (  2.77)
Test: [30/40]	Time  0.567 ( 0.679)	Loss 4.7500e+00 (5.7706e+00)	Acc@1   0.00 (  1.31)	Acc@5   0.00 (  4.71)
 * Acc@1 1.040 Acc@5 4.950
usage: main_fft.py [-h] [-a ARCH] [-j N] [--epochs N] [--start-epoch N] [-b N]
                   [--lr LR] [--momentum M] [--wd W] [-p N] [--resume PATH]
                   [-e] [--pretrained] [--world-size WORLD_SIZE] [--rank RANK]
                   [--dist-url DIST_URL] [--dist-backend DIST_BACKEND]
                   [--seed SEED] [--num_classes NUM_CLASSES] [--gpu GPU]
                   [--multiprocessing-distributed] [--bw BW] [--filter FILTER]
                   DIR
main_fft.py: error: argument --filter: invalid int value: '1../../data/places/data100/'
high 209.0
=> creating model 'resnet50'
Test: [ 0/40]	Time  3.396 ( 3.396)	Loss 7.0008e+00 (7.0008e+00)	Acc@1   0.00 (  0.00)	Acc@5   0.00 (  0.00)
Test: [10/40]	Time  0.578 ( 0.833)	Loss 5.6245e+00 (6.1161e+00)	Acc@1   0.00 (  0.00)	Acc@5   0.00 (  0.60)
Test: [20/40]	Time  0.559 ( 0.707)	Loss 4.8768e+00 (5.9646e+00)	Acc@1   0.00 (  0.00)	Acc@5   0.00 (  2.29)
Test: [30/40]	Time  0.556 ( 0.659)	Loss 4.7019e+00 (5.8334e+00)	Acc@1   0.00 (  1.26)	Acc@5   0.00 (  4.37)
 * Acc@1 1.000 Acc@5 4.740
high 212.0
=> creating model 'resnet50'
Test: [ 0/40]	Time  3.599 ( 3.599)	Loss 6.9863e+00 (6.9863e+00)	Acc@1   0.00 (  0.00)	Acc@5   0.00 (  0.00)
Test: [10/40]	Time  0.581 ( 0.859)	Loss 5.6391e+00 (6.1331e+00)	Acc@1   0.00 (  0.00)	Acc@5   0.00 (  0.21)
Test: [20/40]	Time  0.583 ( 0.730)	Loss 4.9084e+00 (5.9887e+00)	Acc@1   0.00 (  0.00)	Acc@5   0.00 (  1.99)
Test: [30/40]	Time  0.579 ( 0.681)	Loss 4.6833e+00 (5.8433e+00)	Acc@1   0.00 (  1.26)	Acc@5   0.00 (  4.25)
 * Acc@1 1.000 Acc@5 4.660
high 215.0
=> creating model 'resnet50'
Test: [ 0/40]	Time  3.435 ( 3.435)	Loss 6.9677e+00 (6.9677e+00)	Acc@1   0.00 (  0.00)	Acc@5   0.00 (  0.00)
Test: [10/40]	Time  0.599 ( 0.866)	Loss 5.6454e+00 (6.1372e+00)	Acc@1   0.00 (  0.00)	Acc@5   0.00 (  0.07)
Test: [20/40]	Time  0.609 ( 0.743)	Loss 4.9321e+00 (5.9977e+00)	Acc@1   0.00 (  0.00)	Acc@5   0.00 (  1.90)
Test: [30/40]	Time  0.587 ( 0.695)	Loss 4.6907e+00 (5.8421e+00)	Acc@1   0.00 (  1.26)	Acc@5   0.00 (  4.36)
 * Acc@1 1.000 Acc@5 4.670
high 218.0
=> creating model 'resnet50'
Test: [ 0/40]	Time  3.743 ( 3.743)	Loss 6.9577e+00 (6.9577e+00)	Acc@1   0.00 (  0.00)	Acc@5   0.00 (  0.00)
Test: [10/40]	Time  0.575 ( 0.864)	Loss 5.6473e+00 (6.1795e+00)	Acc@1   0.00 (  0.00)	Acc@5   0.00 (  0.00)
Test: [20/40]	Time  0.568 ( 0.724)	Loss 5.0115e+00 (6.0491e+00)	Acc@1   0.00 (  0.00)	Acc@5   0.00 (  1.86)
Test: [30/40]	Time  0.553 ( 0.671)	Loss 4.7554e+00 (5.8667e+00)	Acc@1   0.00 (  1.26)	Acc@5   0.00 (  4.99)
 * Acc@1 1.000 Acc@5 4.970
high 221.0
=> creating model 'resnet50'
Test: [ 0/40]	Time  3.699 ( 3.699)	Loss 6.9882e+00 (6.9882e+00)	Acc@1   0.00 (  0.00)	Acc@5   0.00 (  0.00)
Test: [10/40]	Time  0.589 ( 0.869)	Loss 5.6622e+00 (6.2196e+00)	Acc@1   0.00 (  0.00)	Acc@5   0.00 (  0.00)
Test: [20/40]	Time  0.587 ( 0.734)	Loss 5.0672e+00 (6.0901e+00)	Acc@1   0.00 (  0.00)	Acc@5   0.00 (  1.86)
Test: [30/40]	Time  0.566 ( 0.683)	Loss 4.8140e+00 (5.8967e+00)	Acc@1   0.00 (  1.26)	Acc@5   0.00 (  5.03)
 * Acc@1 1.000 Acc@5 4.990
usage: main_fft.py [-h] [-a ARCH] [-j N] [--epochs N] [--start-epoch N] [-b N]
                   [--lr LR] [--momentum M] [--wd W] [-p N] [--resume PATH]
                   [-e] [--pretrained] [--world-size WORLD_SIZE] [--rank RANK]
                   [--dist-url DIST_URL] [--dist-backend DIST_BACKEND]
                   [--seed SEED] [--num_classes NUM_CLASSES] [--gpu GPU]
                   [--multiprocessing-distributed] [--bw BW] [--filter FILTER]
                   DIR
main_fft.py: error: argument --filter: invalid int value: '1../../data/places/data100/'
low 3.0
=> creating model 'resnet50'
Test: [ 0/40]	Time  3.499 ( 3.499)	Loss 6.2208e+00 (6.2208e+00)	Acc@1   0.00 (  0.00)	Acc@5   0.00 (  0.00)
Test: [10/40]	Time  0.575 ( 0.838)	Loss 5.0701e+00 (5.6337e+00)	Acc@1   0.00 (  0.18)	Acc@5   1.95 (  0.96)
Test: [20/40]	Time  0.566 ( 0.712)	Loss 4.7148e+00 (5.5351e+00)	Acc@1   0.00 (  0.37)	Acc@5   3.52 (  3.66)
Test: [30/40]	Time  0.537 ( 0.663)	Loss 4.2100e+00 (5.4401e+00)	Acc@1   3.12 (  1.36)	Acc@5  11.33 (  5.08)
 * Acc@1 1.180 Acc@5 5.850
low 6.0
=> creating model 'resnet50'
Test: [ 0/40]	Time  3.643 ( 3.643)	Loss 6.3269e+00 (6.3269e+00)	Acc@1   0.00 (  0.00)	Acc@5   0.00 (  0.00)
Test: [10/40]	Time  0.594 ( 0.872)	Loss 6.1547e+00 (6.1965e+00)	Acc@1   0.00 (  0.18)	Acc@5   8.98 (  4.83)
Test: [20/40]	Time  0.564 ( 0.735)	Loss 5.4545e+00 (5.7940e+00)	Acc@1   0.78 (  3.48)	Acc@5   4.69 ( 10.08)
Test: [30/40]	Time  0.557 ( 0.682)	Loss 5.1758e+00 (5.8505e+00)	Acc@1   0.00 (  2.60)	Acc@5  16.02 (  9.64)
 * Acc@1 2.470 Acc@5 10.310
low 9.0
=> creating model 'resnet50'
Test: [ 0/40]	Time  3.369 ( 3.369)	Loss 6.4896e+00 (6.4896e+00)	Acc@1   0.00 (  0.00)	Acc@5   0.00 (  0.00)
Test: [10/40]	Time  0.579 ( 0.830)	Loss 6.7621e+00 (6.5386e+00)	Acc@1   0.00 (  0.57)	Acc@5   1.17 (  7.85)
Test: [20/40]	Time  0.580 ( 0.707)	Loss 5.5429e+00 (6.0231e+00)	Acc@1   0.78 (  3.46)	Acc@5   2.73 ( 10.92)
Test: [30/40]	Time  0.558 ( 0.660)	Loss 5.2615e+00 (6.0217e+00)	Acc@1   0.00 (  2.81)	Acc@5  11.33 ( 10.40)
 * Acc@1 2.970 Acc@5 10.960
low 12.0
=> creating model 'resnet50'
Test: [ 0/40]	Time  3.640 ( 3.640)	Loss 7.6787e+00 (7.6787e+00)	Acc@1   0.00 (  0.00)	Acc@5   0.00 (  0.00)
Test: [10/40]	Time  0.569 ( 0.847)	Loss 8.1567e+00 (7.7292e+00)	Acc@1   0.00 (  2.81)	Acc@5   0.00 (  8.24)
Test: [20/40]	Time  0.568 ( 0.714)	Loss 5.5731e+00 (7.0430e+00)	Acc@1   0.78 (  3.48)	Acc@5  18.75 ( 10.58)
Test: [30/40]	Time  0.546 ( 0.662)	Loss 5.7520e+00 (6.9440e+00)	Acc@1   0.00 (  3.24)	Acc@5   7.81 ( 10.07)
 * Acc@1 3.670 Acc@5 11.130
low 15.0
=> creating model 'resnet50'
Test: [ 0/40]	Time  3.564 ( 3.564)	Loss 8.0688e+00 (8.0688e+00)	Acc@1   0.00 (  0.00)	Acc@5   0.39 (  0.39)
Test: [10/40]	Time  0.587 ( 0.864)	Loss 8.5948e+00 (8.1207e+00)	Acc@1   0.00 (  3.48)	Acc@5   0.00 (  8.49)
Test: [20/40]	Time  0.576 ( 0.732)	Loss 5.4361e+00 (7.3931e+00)	Acc@1   1.17 (  3.63)	Acc@5  27.34 ( 11.44)
Test: [30/40]	Time  0.567 ( 0.682)	Loss 5.9241e+00 (7.2762e+00)	Acc@1   0.00 (  3.40)	Acc@5   8.59 ( 10.76)
 * Acc@1 3.840 Acc@5 12.060
low 18.0
=> creating model 'resnet50'
Test: [ 0/40]	Time  3.707 ( 3.707)	Loss 8.1258e+00 (8.1258e+00)	Acc@1   0.00 (  0.00)	Acc@5   0.78 (  0.78)
Test: [10/40]	Time  0.583 ( 0.871)	Loss 8.5107e+00 (8.1090e+00)	Acc@1   0.00 (  3.76)	Acc@5   0.00 (  9.84)
Test: [20/40]	Time  0.594 ( 0.736)	Loss 4.9835e+00 (7.3884e+00)	Acc@1   8.20 (  4.63)	Acc@5  34.77 ( 13.71)
Test: [30/40]	Time  0.563 ( 0.682)	Loss 5.6971e+00 (7.2563e+00)	Acc@1   0.00 (  4.12)	Acc@5  14.84 ( 13.18)
 * Acc@1 4.580 Acc@5 14.970
low 21.0
=> creating model 'resnet50'
Test: [ 0/40]	Time  3.556 ( 3.556)	Loss 7.7359e+00 (7.7359e+00)	Acc@1   0.00 (  0.00)	Acc@5   1.17 (  1.17)
Test: [10/40]	Time  0.586 ( 0.850)	Loss 7.9732e+00 (7.7037e+00)	Acc@1   0.00 (  4.26)	Acc@5   0.00 ( 11.19)
Test: [20/40]	Time  0.566 ( 0.717)	Loss 4.8365e+00 (7.0330e+00)	Acc@1   6.64 (  5.51)	Acc@5  37.11 ( 15.66)
Test: [30/40]	Time  0.557 ( 0.668)	Loss 5.3775e+00 (6.9156e+00)	Acc@1   1.56 (  4.73)	Acc@5  19.53 ( 15.11)
 * Acc@1 5.300 Acc@5 17.290
low 24.0
=> creating model 'resnet50'
Test: [ 0/40]	Time  3.585 ( 3.585)	Loss 6.4804e+00 (6.4804e+00)	Acc@1   1.56 (  1.56)	Acc@5   8.59 (  8.59)
Test: [10/40]	Time  0.583 ( 0.854)	Loss 6.3061e+00 (6.4283e+00)	Acc@1   2.34 (  6.53)	Acc@5   7.42 ( 15.55)
Test: [20/40]	Time  0.573 ( 0.723)	Loss 4.3683e+00 (5.8955e+00)	Acc@1  12.11 (  8.65)	Acc@5  43.36 ( 21.84)
Test: [30/40]	Time  0.562 ( 0.671)	Loss 4.7323e+00 (5.8559e+00)	Acc@1   4.30 (  7.23)	Acc@5  33.20 ( 21.32)
 * Acc@1 8.150 Acc@5 24.120
low 27.0
=> creating model 'resnet50'
Test: [ 0/40]	Time  3.578 ( 3.578)	Loss 5.7961e+00 (5.7961e+00)	Acc@1   2.73 (  2.73)	Acc@5  10.16 ( 10.16)
Test: [10/40]	Time  0.583 ( 0.861)	Loss 5.5811e+00 (5.7371e+00)	Acc@1   6.64 (  8.91)	Acc@5  14.45 ( 19.71)
Test: [20/40]	Time  0.596 ( 0.730)	Loss 4.2562e+00 (5.3031e+00)	Acc@1  14.06 ( 11.20)	Acc@5  44.92 ( 25.82)
Test: [30/40]	Time  0.573 ( 0.680)	Loss 4.3182e+00 (5.2928e+00)	Acc@1   7.81 (  9.40)	Acc@5  39.06 ( 25.35)
 * Acc@1 10.480 Acc@5 28.260
low 30.0
=> creating model 'resnet50'
Test: [ 0/40]	Time  3.425 ( 3.425)	Loss 4.5117e+00 (4.5117e+00)	Acc@1   7.42 (  7.42)	Acc@5  24.61 ( 24.61)
Test: [10/40]	Time  0.608 ( 0.859)	Loss 4.3509e+00 (4.5394e+00)	Acc@1  14.45 ( 14.10)	Acc@5  31.64 ( 31.00)
Test: [20/40]	Time  0.602 ( 0.739)	Loss 3.8727e+00 (4.2947e+00)	Acc@1  17.58 ( 16.20)	Acc@5  50.00 ( 35.97)
Test: [30/40]	Time  0.584 ( 0.689)	Loss 3.7662e+00 (4.3520e+00)	Acc@1  11.72 ( 13.87)	Acc@5  46.48 ( 35.03)
 * Acc@1 15.300 Acc@5 37.610
low 32.0
=> creating model 'resnet50'
Test: [ 0/40]	Time  3.289 ( 3.289)	Loss 3.9548e+00 (3.9548e+00)	Acc@1  13.28 ( 13.28)	Acc@5  34.77 ( 34.77)
Test: [10/40]	Time  0.584 ( 0.836)	Loss 3.8975e+00 (4.1039e+00)	Acc@1  18.36 ( 17.76)	Acc@5  40.23 ( 36.97)
Test: [20/40]	Time  0.599 ( 0.720)	Loss 3.7394e+00 (3.9137e+00)	Acc@1  16.41 ( 19.46)	Acc@5  51.17 ( 41.05)
Test: [30/40]	Time  0.570 ( 0.674)	Loss 3.5232e+00 (3.9917e+00)	Acc@1  14.06 ( 16.70)	Acc@5  45.70 ( 39.44)
 * Acc@1 18.220 Acc@5 42.050
low 48.0
=> creating model 'resnet50'
Test: [ 0/40]	Time  3.579 ( 3.579)	Loss 1.9269e+00 (1.9269e+00)	Acc@1  48.83 ( 48.83)	Acc@5  80.47 ( 80.47)
Test: [10/40]	Time  0.597 ( 0.864)	Loss 2.1360e+00 (2.1535e+00)	Acc@1  46.09 ( 44.74)	Acc@5  72.27 ( 72.66)
Test: [20/40]	Time  0.613 ( 0.736)	Loss 2.5355e+00 (2.1919e+00)	Acc@1  39.84 ( 44.03)	Acc@5  69.92 ( 72.97)
Test: [30/40]	Time  0.575 ( 0.687)	Loss 2.5776e+00 (2.3128e+00)	Acc@1  30.08 ( 40.47)	Acc@5  66.80 ( 71.02)
 * Acc@1 41.650 Acc@5 71.920
low 64.0
=> creating model 'resnet50'
Test: [ 0/40]	Time  3.360 ( 3.360)	Loss 1.3983e+00 (1.3983e+00)	Acc@1  61.72 ( 61.72)	Acc@5  89.06 ( 89.06)
Test: [10/40]	Time  0.601 ( 0.845)	Loss 1.6105e+00 (1.5084e+00)	Acc@1  57.42 ( 59.23)	Acc@5  82.42 ( 84.94)
Test: [20/40]	Time  0.590 ( 0.725)	Loss 1.7565e+00 (1.5674e+00)	Acc@1  58.59 ( 57.72)	Acc@5  83.20 ( 84.80)
Test: [30/40]	Time  0.570 ( 0.677)	Loss 2.0606e+00 (1.6690e+00)	Acc@1  41.02 ( 54.54)	Acc@5  76.95 ( 83.56)
 * Acc@1 55.000 Acc@5 83.870
low 80.0
=> creating model 'resnet50'
Test: [ 0/40]	Time  3.694 ( 3.694)	Loss 1.1141e+00 (1.1141e+00)	Acc@1  68.36 ( 68.36)	Acc@5  94.92 ( 94.92)
Test: [10/40]	Time  0.617 ( 0.886)	Loss 1.1907e+00 (1.1809e+00)	Acc@1  66.80 ( 66.23)	Acc@5  89.45 ( 90.62)
Test: [20/40]	Time  0.614 ( 0.750)	Loss 1.2275e+00 (1.2381e+00)	Acc@1  69.14 ( 64.34)	Acc@5  89.84 ( 90.53)
Test: [30/40]	Time  0.587 ( 0.698)	Loss 1.6874e+00 (1.3161e+00)	Acc@1  48.44 ( 62.06)	Acc@5  86.33 ( 89.52)
 * Acc@1 62.710 Acc@5 89.740
low 96.0
=> creating model 'resnet50'
Test: [ 0/40]	Time  3.599 ( 3.599)	Loss 9.7764e-01 (9.7764e-01)	Acc@1  69.53 ( 69.53)	Acc@5  96.09 ( 96.09)
Test: [10/40]	Time  0.580 ( 0.854)	Loss 9.8869e-01 (9.9888e-01)	Acc@1  67.97 ( 70.03)	Acc@5  93.36 ( 93.64)
Test: [20/40]	Time  0.579 ( 0.722)	Loss 1.0090e+00 (1.0559e+00)	Acc@1  70.70 ( 68.34)	Acc@5  93.75 ( 93.40)
Test: [30/40]	Time  0.541 ( 0.668)	Loss 1.4590e+00 (1.1219e+00)	Acc@1  54.69 ( 66.60)	Acc@5  89.45 ( 92.63)
 * Acc@1 67.200 Acc@5 92.660
low 112.0
=> creating model 'resnet50'
Test: [ 0/40]	Time  3.455 ( 3.455)	Loss 9.2199e-01 (9.2199e-01)	Acc@1  71.88 ( 71.88)	Acc@5  96.09 ( 96.09)
Test: [10/40]	Time  0.572 ( 0.839)	Loss 9.4041e-01 (9.3493e-01)	Acc@1  70.70 ( 71.66)	Acc@5  95.31 ( 94.32)
Test: [20/40]	Time  0.572 ( 0.712)	Loss 9.5317e-01 (9.8769e-01)	Acc@1  71.48 ( 70.33)	Acc@5  94.53 ( 94.22)
Test: [30/40]	Time  0.567 ( 0.664)	Loss 1.3794e+00 (1.0451e+00)	Acc@1  60.16 ( 69.09)	Acc@5  91.41 ( 93.55)
 * Acc@1 69.360 Acc@5 93.710
low 128.0
=> creating model 'resnet50'
Test: [ 0/40]	Time  3.240 ( 3.240)	Loss 9.1652e-01 (9.1652e-01)	Acc@1  71.09 ( 71.09)	Acc@5  96.48 ( 96.48)
Test: [10/40]	Time  0.571 ( 0.822)	Loss 9.2521e-01 (9.0960e-01)	Acc@1  70.31 ( 72.30)	Acc@5  96.09 ( 94.96)
Test: [20/40]	Time  0.581 ( 0.711)	Loss 9.3559e-01 (9.6213e-01)	Acc@1  72.66 ( 71.11)	Acc@5  95.31 ( 94.66)
Test: [30/40]	Time  0.565 ( 0.664)	Loss 1.3477e+00 (1.0143e+00)	Acc@1  60.16 ( 69.90)	Acc@5  90.62 ( 94.04)
 * Acc@1 70.230 Acc@5 94.140
low 144.0
=> creating model 'resnet50'
Test: [ 0/40]	Time  3.644 ( 3.644)	Loss 9.2162e-01 (9.2162e-01)	Acc@1  69.92 ( 69.92)	Acc@5  96.88 ( 96.88)
Test: [10/40]	Time  0.602 ( 0.883)	Loss 8.9589e-01 (9.0428e-01)	Acc@1  71.88 ( 72.59)	Acc@5  96.48 ( 94.96)
Test: [20/40]	Time  0.568 ( 0.751)	Loss 9.3561e-01 (9.5379e-01)	Acc@1  73.05 ( 71.30)	Acc@5  94.92 ( 94.70)
Test: [30/40]	Time  0.594 ( 0.700)	Loss 1.3376e+00 (1.0021e+00)	Acc@1  58.98 ( 70.00)	Acc@5  92.58 ( 94.19)
 * Acc@1 70.460 Acc@5 94.190
low 160.0
=> creating model 'resnet50'
Test: [ 0/40]	Time  3.687 ( 3.687)	Loss 9.4226e-01 (9.4226e-01)	Acc@1  68.75 ( 68.75)	Acc@5  96.48 ( 96.48)
Test: [10/40]	Time  0.585 ( 0.857)	Loss 8.9818e-01 (9.0096e-01)	Acc@1  70.31 ( 72.62)	Acc@5  97.27 ( 95.10)
Test: [20/40]	Time  0.570 ( 0.722)	Loss 9.2686e-01 (9.4698e-01)	Acc@1  75.39 ( 71.63)	Acc@5  95.31 ( 94.88)
Test: [30/40]	Time  0.561 ( 0.672)	Loss 1.3286e+00 (9.9270e-01)	Acc@1  58.98 ( 70.31)	Acc@5  91.80 ( 94.42)
 * Acc@1 70.740 Acc@5 94.460
low 176.0
=> creating model 'resnet50'
Test: [ 0/40]	Time  3.507 ( 3.507)	Loss 9.5001e-01 (9.5001e-01)	Acc@1  69.53 ( 69.53)	Acc@5  96.48 ( 96.48)
Test: [10/40]	Time  0.619 ( 0.871)	Loss 9.0975e-01 (9.0086e-01)	Acc@1  69.53 ( 72.41)	Acc@5  97.27 ( 95.06)
Test: [20/40]	Time  0.584 ( 0.743)	Loss 9.2107e-01 (9.4395e-01)	Acc@1  75.78 ( 71.65)	Acc@5  94.92 ( 94.88)
Test: [30/40]	Time  0.596 ( 0.695)	Loss 1.3310e+00 (9.8876e-01)	Acc@1  59.38 ( 70.33)	Acc@5  92.58 ( 94.44)
 * Acc@1 70.880 Acc@5 94.480
low 192.0
=> creating model 'resnet50'
Test: [ 0/40]	Time  3.528 ( 3.528)	Loss 9.5639e-01 (9.5639e-01)	Acc@1  69.53 ( 69.53)	Acc@5  96.09 ( 96.09)
Test: [10/40]	Time  0.566 ( 0.839)	Loss 9.1872e-01 (9.0141e-01)	Acc@1  70.70 ( 72.55)	Acc@5  96.88 ( 95.10)
Test: [20/40]	Time  0.563 ( 0.710)	Loss 9.1984e-01 (9.4307e-01)	Acc@1  75.78 ( 71.67)	Acc@5  94.53 ( 94.96)
Test: [30/40]	Time  0.559 ( 0.664)	Loss 1.3250e+00 (9.8717e-01)	Acc@1  58.98 ( 70.39)	Acc@5  92.19 ( 94.53)
 * Acc@1 70.950 Acc@5 94.570
low 194.0
=> creating model 'resnet50'
Test: [ 0/40]	Time  3.288 ( 3.288)	Loss 9.5655e-01 (9.5655e-01)	Acc@1  69.53 ( 69.53)	Acc@5  96.09 ( 96.09)
Test: [10/40]	Time  0.593 ( 0.841)	Loss 9.2046e-01 (9.0159e-01)	Acc@1  70.70 ( 72.62)	Acc@5  96.88 ( 95.10)
Test: [20/40]	Time  0.581 ( 0.720)	Loss 9.1958e-01 (9.4316e-01)	Acc@1  75.78 ( 71.74)	Acc@5  94.53 ( 94.92)
Test: [30/40]	Time  0.572 ( 0.673)	Loss 1.3251e+00 (9.8710e-01)	Acc@1  58.98 ( 70.45)	Acc@5  92.19 ( 94.51)
 * Acc@1 71.020 Acc@5 94.550
low 197.0
=> creating model 'resnet50'
Test: [ 0/40]	Time  3.498 ( 3.498)	Loss 9.5578e-01 (9.5578e-01)	Acc@1  69.53 ( 69.53)	Acc@5  96.09 ( 96.09)
Test: [10/40]	Time  0.610 ( 0.877)	Loss 9.2025e-01 (9.0159e-01)	Acc@1  70.70 ( 72.62)	Acc@5  96.88 ( 95.06)
Test: [20/40]	Time  0.613 ( 0.750)	Loss 9.1968e-01 (9.4314e-01)	Acc@1  75.78 ( 71.76)	Acc@5  94.53 ( 94.94)
Test: [30/40]	Time  0.595 ( 0.698)	Loss 1.3247e+00 (9.8702e-01)	Acc@1  58.98 ( 70.45)	Acc@5  92.19 ( 94.52)
 * Acc@1 70.990 Acc@5 94.560
low 200.0
=> creating model 'resnet50'
Test: [ 0/40]	Time  3.230 ( 3.230)	Loss 9.5514e-01 (9.5514e-01)	Acc@1  69.53 ( 69.53)	Acc@5  96.09 ( 96.09)
Test: [10/40]	Time  0.598 ( 0.823)	Loss 9.2164e-01 (9.0159e-01)	Acc@1  70.70 ( 72.62)	Acc@5  96.88 ( 95.10)
Test: [20/40]	Time  0.578 ( 0.709)	Loss 9.2005e-01 (9.4315e-01)	Acc@1  75.78 ( 71.84)	Acc@5  94.14 ( 94.92)
Test: [30/40]	Time  0.564 ( 0.665)	Loss 1.3245e+00 (9.8692e-01)	Acc@1  58.98 ( 70.50)	Acc@5  92.19 ( 94.53)
 * Acc@1 71.070 Acc@5 94.570
low 203.0
=> creating model 'resnet50'
Test: [ 0/40]	Time  3.209 ( 3.209)	Loss 9.5573e-01 (9.5573e-01)	Acc@1  69.14 ( 69.14)	Acc@5  96.09 ( 96.09)
Test: [10/40]	Time  0.577 ( 0.821)	Loss 9.2237e-01 (9.0189e-01)	Acc@1  70.70 ( 72.55)	Acc@5  96.88 ( 95.06)
Test: [20/40]	Time  0.584 ( 0.708)	Loss 9.2043e-01 (9.4322e-01)	Acc@1  75.78 ( 71.74)	Acc@5  94.14 ( 94.90)
Test: [30/40]	Time  0.569 ( 0.665)	Loss 1.3239e+00 (9.8689e-01)	Acc@1  58.98 ( 70.46)	Acc@5  92.19 ( 94.51)
 * Acc@1 71.050 Acc@5 94.550
low 206.0
=> creating model 'resnet50'
Test: [ 0/40]	Time  3.297 ( 3.297)	Loss 9.5542e-01 (9.5542e-01)	Acc@1  69.53 ( 69.53)	Acc@5  96.09 ( 96.09)
Test: [10/40]	Time  0.591 ( 0.835)	Loss 9.2240e-01 (9.0179e-01)	Acc@1  70.70 ( 72.59)	Acc@5  96.88 ( 94.99)
Test: [20/40]	Time  0.582 ( 0.717)	Loss 9.2105e-01 (9.4302e-01)	Acc@1  75.78 ( 71.71)	Acc@5  94.53 ( 94.87)
Test: [30/40]	Time  0.563 ( 0.670)	Loss 1.3240e+00 (9.8672e-01)	Acc@1  58.98 ( 70.39)	Acc@5  92.19 ( 94.48)
 * Acc@1 71.020 Acc@5 94.530
low 209.0
=> creating model 'resnet50'
Test: [ 0/40]	Time  3.718 ( 3.718)	Loss 9.5555e-01 (9.5555e-01)	Acc@1  69.92 ( 69.92)	Acc@5  96.09 ( 96.09)
Test: [10/40]	Time  0.602 ( 0.896)	Loss 9.2244e-01 (9.0175e-01)	Acc@1  70.31 ( 72.62)	Acc@5  96.88 ( 94.99)
Test: [20/40]	Time  0.612 ( 0.757)	Loss 9.2150e-01 (9.4312e-01)	Acc@1  75.78 ( 71.74)	Acc@5  94.14 ( 94.85)
Test: [30/40]	Time  0.575 ( 0.703)	Loss 1.3235e+00 (9.8671e-01)	Acc@1  58.98 ( 70.45)	Acc@5  92.19 ( 94.48)
 * Acc@1 71.020 Acc@5 94.530
low 212.0
=> creating model 'resnet50'
Test: [ 0/40]	Time  3.552 ( 3.552)	Loss 9.5649e-01 (9.5649e-01)	Acc@1  69.53 ( 69.53)	Acc@5  96.09 ( 96.09)
Test: [10/40]	Time  0.585 ( 0.864)	Loss 9.2135e-01 (9.0155e-01)	Acc@1  70.70 ( 72.69)	Acc@5  96.88 ( 95.06)
Test: [20/40]	Time  0.603 ( 0.735)	Loss 9.2044e-01 (9.4311e-01)	Acc@1  75.78 ( 71.86)	Acc@5  94.14 ( 94.85)
Test: [30/40]	Time  0.543 ( 0.679)	Loss 1.3231e+00 (9.8666e-01)	Acc@1  58.98 ( 70.51)	Acc@5  92.19 ( 94.47)
 * Acc@1 71.070 Acc@5 94.510
low 215.0
=> creating model 'resnet50'
Test: [ 0/40]	Time  3.247 ( 3.247)	Loss 9.5640e-01 (9.5640e-01)	Acc@1  69.53 ( 69.53)	Acc@5  96.09 ( 96.09)
Test: [10/40]	Time  0.579 ( 0.822)	Loss 9.2143e-01 (9.0147e-01)	Acc@1  70.31 ( 72.62)	Acc@5  96.88 ( 95.06)
Test: [20/40]	Time  0.577 ( 0.708)	Loss 9.2020e-01 (9.4304e-01)	Acc@1  76.17 ( 71.80)	Acc@5  94.14 ( 94.83)
Test: [30/40]	Time  0.557 ( 0.663)	Loss 1.3226e+00 (9.8653e-01)	Acc@1  58.98 ( 70.50)	Acc@5  92.19 ( 94.46)
 * Acc@1 71.050 Acc@5 94.500
low 218.0
=> creating model 'resnet50'
Test: [ 0/40]	Time  3.332 ( 3.332)	Loss 9.5649e-01 (9.5649e-01)	Acc@1  69.14 ( 69.14)	Acc@5  96.09 ( 96.09)
Test: [10/40]	Time  0.584 ( 0.833)	Loss 9.2191e-01 (9.0120e-01)	Acc@1  69.92 ( 72.66)	Acc@5  96.88 ( 95.03)
Test: [20/40]	Time  0.590 ( 0.713)	Loss 9.2107e-01 (9.4310e-01)	Acc@1  75.78 ( 71.76)	Acc@5  94.14 ( 94.87)
Test: [30/40]	Time  0.562 ( 0.667)	Loss 1.3226e+00 (9.8636e-01)	Acc@1  58.98 ( 70.46)	Acc@5  92.58 ( 94.48)
 * Acc@1 71.050 Acc@5 94.530
low 221.0
=> creating model 'resnet50'
Test: [ 0/40]	Time  3.458 ( 3.458)	Loss 9.5651e-01 (9.5651e-01)	Acc@1  69.53 ( 69.53)	Acc@5  96.09 ( 96.09)
Test: [10/40]	Time  0.578 ( 0.837)	Loss 9.2132e-01 (9.0101e-01)	Acc@1  69.92 ( 72.69)	Acc@5  96.88 ( 95.06)
Test: [20/40]	Time  0.582 ( 0.715)	Loss 9.2165e-01 (9.4301e-01)	Acc@1  75.78 ( 71.80)	Acc@5  94.14 ( 94.88)
Test: [30/40]	Time  0.563 ( 0.668)	Loss 1.3229e+00 (9.8633e-01)	Acc@1  58.98 ( 70.55)	Acc@5  92.58 ( 94.48)
 * Acc@1 71.120 Acc@5 94.530
low 224.0
=> creating model 'resnet50'
Test: [ 0/40]	Time  3.516 ( 3.516)	Loss 9.5683e-01 (9.5683e-01)	Acc@1  69.14 ( 69.14)	Acc@5  96.09 ( 96.09)
Test: [10/40]	Time  0.575 ( 0.849)	Loss 9.2157e-01 (9.0042e-01)	Acc@1  69.92 ( 72.62)	Acc@5  96.88 ( 95.06)
Test: [20/40]	Time  0.589 ( 0.722)	Loss 9.2137e-01 (9.4262e-01)	Acc@1  76.56 ( 71.89)	Acc@5  94.14 ( 94.88)
Test: [30/40]	Time  0.557 ( 0.673)	Loss 1.3226e+00 (9.8601e-01)	Acc@1  59.38 ( 70.59)	Acc@5  92.58 ( 94.49)
 * Acc@1 71.140 Acc@5 94.560
high 3.0
=> creating model 'resnet50'
Test: [ 0/40]	Time  3.500 ( 3.500)	Loss 1.0907e+00 (1.0907e+00)	Acc@1  66.02 ( 66.02)	Acc@5  94.92 ( 94.92)
Test: [10/40]	Time  0.602 ( 0.865)	Loss 1.0699e+00 (1.0852e+00)	Acc@1  68.75 ( 68.36)	Acc@5  93.75 ( 92.86)
Test: [20/40]	Time  0.600 ( 0.740)	Loss 8.8695e-01 (1.0929e+00)	Acc@1  76.17 ( 67.89)	Acc@5  94.53 ( 93.04)
Test: [30/40]	Time  0.578 ( 0.687)	Loss 1.6643e+00 (1.1285e+00)	Acc@1  48.05 ( 66.52)	Acc@5  90.62 ( 92.78)
 * Acc@1 66.330 Acc@5 92.640
high 6.0
=> creating model 'resnet50'
Test: [ 0/40]	Time  3.621 ( 3.621)	Loss 1.2300e+00 (1.2300e+00)	Acc@1  60.55 ( 60.55)	Acc@5  92.97 ( 92.97)
Test: [10/40]	Time  0.582 ( 0.867)	Loss 1.3251e+00 (1.4518e+00)	Acc@1  61.33 ( 58.56)	Acc@5  89.45 ( 88.21)
Test: [20/40]	Time  0.573 ( 0.728)	Loss 1.0934e+00 (1.4063e+00)	Acc@1  69.92 ( 59.82)	Acc@5  92.97 ( 89.08)
Test: [30/40]	Time  0.561 ( 0.675)	Loss 1.9458e+00 (1.4254e+00)	Acc@1  41.41 ( 59.11)	Acc@5  87.89 ( 89.01)
 * Acc@1 58.730 Acc@5 88.800
high 9.0
=> creating model 'resnet50'
Test: [ 0/40]	Time  3.639 ( 3.639)	Loss 1.3012e+00 (1.3012e+00)	Acc@1  58.59 ( 58.59)	Acc@5  92.19 ( 92.19)
Test: [10/40]	Time  0.593 ( 0.874)	Loss 1.4835e+00 (1.6508e+00)	Acc@1  60.94 ( 53.98)	Acc@5  87.89 ( 85.44)
Test: [20/40]	Time  0.586 ( 0.737)	Loss 1.1975e+00 (1.5778e+00)	Acc@1  65.62 ( 55.34)	Acc@5  93.36 ( 87.03)
Test: [30/40]	Time  0.566 ( 0.685)	Loss 2.0483e+00 (1.5864e+00)	Acc@1  37.89 ( 54.99)	Acc@5  85.55 ( 86.95)
 * Acc@1 54.770 Acc@5 86.650
high 12.0
=> creating model 'resnet50'
Test: [ 0/40]	Time  3.771 ( 3.771)	Loss 1.4353e+00 (1.4353e+00)	Acc@1  58.20 ( 58.20)	Acc@5  91.02 ( 91.02)
Test: [10/40]	Time  0.585 ( 0.883)	Loss 1.6654e+00 (2.1006e+00)	Acc@1  58.98 ( 46.38)	Acc@5  87.11 ( 77.24)
Test: [20/40]	Time  0.577 ( 0.740)	Loss 1.5802e+00 (2.0325e+00)	Acc@1  55.86 ( 46.60)	Acc@5  85.55 ( 78.96)
Test: [30/40]	Time  0.567 ( 0.686)	Loss 2.2503e+00 (2.0178e+00)	Acc@1  31.25 ( 46.47)	Acc@5  85.55 ( 79.52)
 * Acc@1 46.100 Acc@5 79.140
high 15.0
=> creating model 'resnet50'
Test: [ 0/40]	Time  3.511 ( 3.511)	Loss 1.4722e+00 (1.4722e+00)	Acc@1  55.08 ( 55.08)	Acc@5  91.80 ( 91.80)
Test: [10/40]	Time  0.588 ( 0.865)	Loss 1.7295e+00 (2.3255e+00)	Acc@1  57.03 ( 41.83)	Acc@5  84.77 ( 73.26)
Test: [20/40]	Time  0.583 ( 0.734)	Loss 1.7576e+00 (2.2792e+00)	Acc@1  54.30 ( 42.00)	Acc@5  82.81 ( 74.13)
Test: [30/40]	Time  0.569 ( 0.683)	Loss 2.3910e+00 (2.2655e+00)	Acc@1  28.91 ( 41.95)	Acc@5  79.69 ( 74.58)
 * Acc@1 41.900 Acc@5 74.300
high 18.0
=> creating model 'resnet50'
Test: [ 0/40]	Time  3.606 ( 3.606)	Loss 1.5103e+00 (1.5103e+00)	Acc@1  54.69 ( 54.69)	Acc@5  91.02 ( 91.02)
Test: [10/40]	Time  0.580 ( 0.862)	Loss 1.7877e+00 (2.7168e+00)	Acc@1  54.69 ( 36.04)	Acc@5  84.77 ( 65.62)
Test: [20/40]	Time  0.592 ( 0.732)	Loss 2.1513e+00 (2.7221e+00)	Acc@1  48.83 ( 36.12)	Acc@5  75.78 ( 66.31)
Test: [30/40]	Time  0.565 ( 0.680)	Loss 2.5033e+00 (2.7078e+00)	Acc@1  27.73 ( 35.96)	Acc@5  76.95 ( 66.61)
 * Acc@1 35.770 Acc@5 66.390
high 21.0
=> creating model 'resnet50'
Test: [ 0/40]	Time  3.343 ( 3.343)	Loss 1.5191e+00 (1.5191e+00)	Acc@1  53.12 ( 53.12)	Acc@5  91.41 ( 91.41)
Test: [10/40]	Time  0.604 ( 0.842)	Loss 1.8080e+00 (2.8346e+00)	Acc@1  51.95 ( 32.85)	Acc@5  84.38 ( 63.81)
Test: [20/40]	Time  0.597 ( 0.726)	Loss 2.2640e+00 (2.8738e+00)	Acc@1  44.92 ( 33.07)	Acc@5  71.09 ( 63.28)
Test: [30/40]	Time  0.585 ( 0.680)	Loss 2.5484e+00 (2.8670e+00)	Acc@1  28.91 ( 33.40)	Acc@5  75.39 ( 63.53)
 * Acc@1 33.270 Acc@5 63.110
high 24.0
=> creating model 'resnet50'
Test: [ 0/40]	Time  3.336 ( 3.336)	Loss 1.5671e+00 (1.5671e+00)	Acc@1  50.39 ( 50.39)	Acc@5  89.45 ( 89.45)
Test: [10/40]	Time  0.597 ( 0.846)	Loss 1.9137e+00 (3.0743e+00)	Acc@1  47.66 ( 29.40)	Acc@5  81.25 ( 57.39)
Test: [20/40]	Time  0.592 ( 0.726)	Loss 2.6252e+00 (3.1359e+00)	Acc@1  36.72 ( 28.70)	Acc@5  64.45 ( 56.94)
Test: [30/40]	Time  0.576 ( 0.681)	Loss 2.7276e+00 (3.1319e+00)	Acc@1  23.05 ( 28.94)	Acc@5  65.23 ( 57.12)
 * Acc@1 28.480 Acc@5 56.740
high 27.0
=> creating model 'resnet50'
Test: [ 0/40]	Time  3.335 ( 3.335)	Loss 1.6347e+00 (1.6347e+00)	Acc@1  51.95 ( 51.95)	Acc@5  87.89 ( 87.89)
Test: [10/40]	Time  0.589 ( 0.842)	Loss 2.0297e+00 (3.2312e+00)	Acc@1  43.75 ( 27.38)	Acc@5  83.20 ( 54.08)
Test: [20/40]	Time  0.584 ( 0.722)	Loss 2.8018e+00 (3.2892e+00)	Acc@1  32.42 ( 26.67)	Acc@5  61.33 ( 53.89)
Test: [30/40]	Time  0.563 ( 0.674)	Loss 2.8308e+00 (3.2757e+00)	Acc@1  21.09 ( 26.85)	Acc@5  63.28 ( 54.15)
 * Acc@1 26.380 Acc@5 53.600
high 30.0
=> creating model 'resnet50'
Test: [ 0/40]	Time  3.684 ( 3.684)	Loss 1.7754e+00 (1.7754e+00)	Acc@1  45.31 ( 45.31)	Acc@5  84.77 ( 84.77)
Test: [10/40]	Time  0.586 ( 0.860)	Loss 2.2583e+00 (3.5962e+00)	Acc@1  37.50 ( 22.48)	Acc@5  75.78 ( 47.19)
Test: [20/40]	Time  0.567 ( 0.721)	Loss 3.3063e+00 (3.6319e+00)	Acc@1  24.61 ( 22.27)	Acc@5  48.83 ( 47.67)
Test: [30/40]	Time  0.556 ( 0.670)	Loss 3.1124e+00 (3.6009e+00)	Acc@1  15.62 ( 22.49)	Acc@5  56.25 ( 48.08)
 * Acc@1 22.180 Acc@5 47.130
high 32.0
=> creating model 'resnet50'
Test: [ 0/40]	Time  3.550 ( 3.550)	Loss 1.8989e+00 (1.8989e+00)	Acc@1  43.75 ( 43.75)	Acc@5  85.16 ( 85.16)
Test: [10/40]	Time  0.574 ( 0.847)	Loss 2.3710e+00 (3.7966e+00)	Acc@1  35.55 ( 20.13)	Acc@5  76.17 ( 44.74)
Test: [20/40]	Time  0.574 ( 0.719)	Loss 3.5279e+00 (3.8082e+00)	Acc@1  19.14 ( 20.05)	Acc@5  45.31 ( 45.26)
Test: [30/40]	Time  0.551 ( 0.668)	Loss 3.2692e+00 (3.7686e+00)	Acc@1  11.72 ( 20.16)	Acc@5  54.30 ( 45.79)
 * Acc@1 19.860 Acc@5 44.610
high 48.0
=> creating model 'resnet50'
Test: [ 0/40]	Time  3.502 ( 3.502)	Loss 3.3039e+00 (3.3039e+00)	Acc@1  19.14 ( 19.14)	Acc@5  52.73 ( 52.73)
Test: [10/40]	Time  0.590 ( 0.861)	Loss 3.4869e+00 (5.4235e+00)	Acc@1  14.84 (  6.89)	Acc@5  57.03 ( 23.01)
Test: [20/40]	Time  0.594 ( 0.739)	Loss 5.2608e+00 (5.1815e+00)	Acc@1   8.20 (  7.89)	Acc@5  17.97 ( 25.91)
Test: [30/40]	Time  0.585 ( 0.690)	Loss 4.7505e+00 (5.0862e+00)	Acc@1   1.56 (  8.35)	Acc@5  21.88 ( 26.44)
 * Acc@1 9.170 Acc@5 25.670
high 64.0
=> creating model 'resnet50'
Test: [ 0/40]	Time  3.546 ( 3.546)	Loss 5.0089e+00 (5.0089e+00)	Acc@1   4.30 (  4.30)	Acc@5  20.70 ( 20.70)
Test: [10/40]	Time  0.592 ( 0.864)	Loss 5.0313e+00 (7.0115e+00)	Acc@1   3.52 (  1.14)	Acc@5  35.55 (  9.84)
Test: [20/40]	Time  0.603 ( 0.738)	Loss 6.4248e+00 (6.4968e+00)	Acc@1   4.69 (  2.34)	Acc@5  14.84 ( 13.65)
Test: [30/40]	Time  0.593 ( 0.691)	Loss 5.7374e+00 (6.3639e+00)	Acc@1   0.78 (  2.86)	Acc@5   5.47 ( 14.20)
 * Acc@1 3.840 Acc@5 14.790
high 80.0
=> creating model 'resnet50'
Test: [ 0/40]	Time  3.358 ( 3.358)	Loss 6.0826e+00 (6.0826e+00)	Acc@1   0.39 (  0.39)	Acc@5   5.08 (  5.08)
Test: [10/40]	Time  0.612 ( 0.857)	Loss 5.8879e+00 (7.6202e+00)	Acc@1   0.39 (  0.36)	Acc@5  17.58 (  4.47)
Test: [20/40]	Time  0.607 ( 0.739)	Loss 6.9666e+00 (7.0556e+00)	Acc@1   0.78 (  1.12)	Acc@5   6.64 (  8.43)
Test: [30/40]	Time  0.584 ( 0.694)	Loss 6.0731e+00 (6.9213e+00)	Acc@1   0.00 (  1.51)	Acc@5   1.95 (  9.00)
 * Acc@1 2.350 Acc@5 9.890
high 96.0
=> creating model 'resnet50'
Test: [ 0/40]	Time  3.505 ( 3.505)	Loss 6.6356e+00 (6.6356e+00)	Acc@1   0.00 (  0.00)	Acc@5   0.78 (  0.78)
Test: [10/40]	Time  0.586 ( 0.852)	Loss 6.2580e+00 (7.7392e+00)	Acc@1   0.00 (  0.32)	Acc@5   7.81 (  3.20)
Test: [20/40]	Time  0.583 ( 0.723)	Loss 7.1791e+00 (7.2155e+00)	Acc@1   0.00 (  0.56)	Acc@5   1.95 (  6.83)
Test: [30/40]	Time  0.571 ( 0.675)	Loss 6.2795e+00 (7.1059e+00)	Acc@1   0.00 (  0.92)	Acc@5   0.78 (  7.13)
 * Acc@1 1.770 Acc@5 8.180
high 112.0
=> creating model 'resnet50'
Test: [ 0/40]	Time  3.235 ( 3.235)	Loss 7.0126e+00 (7.0126e+00)	Acc@1   0.00 (  0.00)	Acc@5   0.00 (  0.00)
Test: [10/40]	Time  0.591 ( 0.834)	Loss 6.2584e+00 (7.7756e+00)	Acc@1   0.00 (  0.36)	Acc@5   6.25 (  3.30)
Test: [20/40]	Time  0.590 ( 0.714)	Loss 7.3025e+00 (7.2709e+00)	Acc@1   0.00 (  0.47)	Acc@5   1.17 (  6.64)
Test: [30/40]	Time  0.564 ( 0.669)	Loss 6.3028e+00 (7.1516e+00)	Acc@1   0.00 (  0.78)	Acc@5   1.56 (  6.91)
 * Acc@1 1.690 Acc@5 7.620
high 128.0
=> creating model 'resnet50'
Test: [ 0/40]	Time  3.541 ( 3.541)	Loss 7.0722e+00 (7.0722e+00)	Acc@1   0.00 (  0.00)	Acc@5   0.00 (  0.00)
Test: [10/40]	Time  0.611 ( 0.865)	Loss 6.0224e+00 (7.5790e+00)	Acc@1   0.00 (  0.43)	Acc@5   6.25 (  3.73)
Test: [20/40]	Time  0.601 ( 0.738)	Loss 7.2749e+00 (7.1011e+00)	Acc@1   0.00 (  0.48)	Acc@5   1.56 (  6.75)
Test: [30/40]	Time  0.585 ( 0.688)	Loss 6.1274e+00 (6.9641e+00)	Acc@1   0.00 (  0.71)	Acc@5   1.95 (  6.85)
 * Acc@1 1.670 Acc@5 7.460
high 144.0
=> creating model 'resnet50'
Test: [ 0/40]	Time  3.372 ( 3.372)	Loss 6.8818e+00 (6.8818e+00)	Acc@1   0.00 (  0.00)	Acc@5   0.00 (  0.00)
Test: [10/40]	Time  0.606 ( 0.854)	Loss 5.5990e+00 (7.0521e+00)	Acc@1   0.00 (  0.60)	Acc@5   3.52 (  3.87)
Test: [20/40]	Time  0.595 ( 0.733)	Loss 6.7076e+00 (6.6269e+00)	Acc@1   0.00 (  0.65)	Acc@5   1.95 (  6.81)
Test: [30/40]	Time  0.579 ( 0.685)	Loss 5.5990e+00 (6.4820e+00)	Acc@1   0.00 (  0.74)	Acc@5   1.95 (  6.97)
 * Acc@1 1.760 Acc@5 7.490
high 160.0
=> creating model 'resnet50'
Test: [ 0/40]	Time  3.621 ( 3.621)	Loss 6.6382e+00 (6.6382e+00)	Acc@1   0.00 (  0.00)	Acc@5   0.00 (  0.00)
Test: [10/40]	Time  0.595 ( 0.856)	Loss 5.1873e+00 (6.4515e+00)	Acc@1   0.39 (  1.14)	Acc@5   3.12 (  4.01)
Test: [20/40]	Time  0.579 ( 0.723)	Loss 5.5897e+00 (6.0732e+00)	Acc@1   0.00 (  1.32)	Acc@5   3.12 (  7.12)
Test: [30/40]	Time  0.559 ( 0.673)	Loss 5.0322e+00 (5.9325e+00)	Acc@1   0.00 (  1.45)	Acc@5   6.25 (  7.40)
 * Acc@1 2.320 Acc@5 7.980
high 176.0
=> creating model 'resnet50'
Test: [ 0/40]	Time  3.353 ( 3.353)	Loss 6.7864e+00 (6.7864e+00)	Acc@1   0.00 (  0.00)	Acc@5   0.00 (  0.00)
Test: [10/40]	Time  0.590 ( 0.840)	Loss 5.1369e+00 (6.0657e+00)	Acc@1   0.39 (  1.24)	Acc@5   2.73 (  3.66)
Test: [20/40]	Time  0.573 ( 0.716)	Loss 4.6287e+00 (5.7800e+00)	Acc@1   0.00 (  1.08)	Acc@5   4.69 (  7.05)
Test: [30/40]	Time  0.542 ( 0.667)	Loss 4.8290e+00 (5.6595e+00)	Acc@1   0.00 (  1.70)	Acc@5   6.25 (  7.48)
 * Acc@1 1.760 Acc@5 7.700
high 192.0
=> creating model 'resnet50'
Test: [ 0/40]	Time  3.343 ( 3.343)	Loss 6.8399e+00 (6.8399e+00)	Acc@1   0.00 (  0.00)	Acc@5   0.00 (  0.00)
Test: [10/40]	Time  0.569 ( 0.825)	Loss 5.3340e+00 (5.9802e+00)	Acc@1   0.00 (  0.57)	Acc@5   0.39 (  1.63)
Test: [20/40]	Time  0.579 ( 0.711)	Loss 4.6365e+00 (5.7969e+00)	Acc@1   0.00 (  0.32)	Acc@5   1.95 (  3.85)
Test: [30/40]	Time  0.571 ( 0.666)	Loss 4.7573e+00 (5.6765e+00)	Acc@1   0.00 (  1.35)	Acc@5   0.00 (  5.42)
 * Acc@1 1.100 Acc@5 5.440
high 194.0
=> creating model 'resnet50'
Test: [ 0/40]	Time  3.490 ( 3.490)	Loss 6.8570e+00 (6.8570e+00)	Acc@1   0.00 (  0.00)	Acc@5   0.00 (  0.00)
Test: [10/40]	Time  0.596 ( 0.869)	Loss 5.3692e+00 (5.9941e+00)	Acc@1   0.00 (  0.46)	Acc@5   0.39 (  1.49)
Test: [20/40]	Time  0.599 ( 0.744)	Loss 4.6676e+00 (5.8144e+00)	Acc@1   0.00 (  0.26)	Acc@5   1.56 (  3.61)
Test: [30/40]	Time  0.583 ( 0.695)	Loss 4.7539e+00 (5.6923e+00)	Acc@1   0.00 (  1.34)	Acc@5   0.00 (  5.23)
 * Acc@1 1.080 Acc@5 5.340
high 197.0
=> creating model 'resnet50'
Test: [ 0/40]	Time  3.605 ( 3.605)	Loss 6.8809e+00 (6.8809e+00)	Acc@1   0.00 (  0.00)	Acc@5   0.00 (  0.00)
Test: [10/40]	Time  0.577 ( 0.855)	Loss 5.4011e+00 (6.0103e+00)	Acc@1   0.00 (  0.39)	Acc@5   0.39 (  1.28)
Test: [20/40]	Time  0.570 ( 0.723)	Loss 4.7010e+00 (5.8338e+00)	Acc@1   0.00 (  0.22)	Acc@5   1.17 (  3.40)
Test: [30/40]	Time  0.552 ( 0.671)	Loss 4.7528e+00 (5.7098e+00)	Acc@1   0.00 (  1.37)	Acc@5   0.00 (  5.13)
 * Acc@1 1.100 Acc@5 5.240
high 200.0
=> creating model 'resnet50'
Test: [ 0/40]	Time  3.553 ( 3.553)	Loss 6.9407e+00 (6.9407e+00)	Acc@1   0.00 (  0.00)	Acc@5   0.00 (  0.00)
Test: [10/40]	Time  0.572 ( 0.849)	Loss 5.4705e+00 (6.0499e+00)	Acc@1   0.00 (  0.21)	Acc@5   0.00 (  0.99)
Test: [20/40]	Time  0.570 ( 0.717)	Loss 4.7657e+00 (5.8778e+00)	Acc@1   0.00 (  0.11)	Acc@5   0.39 (  2.99)
Test: [30/40]	Time  0.559 ( 0.668)	Loss 4.7560e+00 (5.7504e+00)	Acc@1   0.00 (  1.32)	Acc@5   0.00 (  4.86)
 * Acc@1 1.050 Acc@5 5.030
high 203.0
=> creating model 'resnet50'
Test: [ 0/40]	Time  4.796 ( 4.796)	Loss 6.9663e+00 (6.9663e+00)	Acc@1   0.00 (  0.00)	Acc@5   0.00 (  0.00)
Test: [10/40]	Time  0.590 ( 0.966)	Loss 5.5066e+00 (6.0671e+00)	Acc@1   0.00 (  0.11)	Acc@5   0.00 (  0.82)
Test: [20/40]	Time  0.588 ( 0.786)	Loss 4.8009e+00 (5.8993e+00)	Acc@1   0.00 (  0.07)	Acc@5   0.39 (  2.77)
Test: [30/40]	Time  0.568 ( 0.717)	Loss 4.7500e+00 (5.7706e+00)	Acc@1   0.00 (  1.31)	Acc@5   0.00 (  4.71)
 * Acc@1 1.040 Acc@5 4.950
usage: main_fft.py [-h] [-a ARCH] [-j N] [--epochs N] [--start-epoch N] [-b N]
                   [--lr LR] [--momentum M] [--wd W] [-p N] [--resume PATH]
                   [-e] [--pretrained] [--world-size WORLD_SIZE] [--rank RANK]
                   [--dist-url DIST_URL] [--dist-backend DIST_BACKEND]
                   [--seed SEED] [--num_classes NUM_CLASSES] [--gpu GPU]
                   [--multiprocessing-distributed] [--bw BW] [--filter FILTER]
                   DIR
main_fft.py: error: argument --filter: invalid int value: '1../../data/places/data100/'
high 209.0
=> creating model 'resnet50'
Test: [ 0/40]	Time  3.526 ( 3.526)	Loss 7.0008e+00 (7.0008e+00)	Acc@1   0.00 (  0.00)	Acc@5   0.00 (  0.00)
Test: [10/40]	Time  0.574 ( 0.847)	Loss 5.6245e+00 (6.1161e+00)	Acc@1   0.00 (  0.00)	Acc@5   0.00 (  0.60)
Test: [20/40]	Time  0.580 ( 0.719)	Loss 4.8768e+00 (5.9646e+00)	Acc@1   0.00 (  0.00)	Acc@5   0.00 (  2.29)
Test: [30/40]	Time  0.555 ( 0.668)	Loss 4.7019e+00 (5.8334e+00)	Acc@1   0.00 (  1.26)	Acc@5   0.00 (  4.37)
 * Acc@1 1.000 Acc@5 4.740
high 212.0
=> creating model 'resnet50'
Test: [ 0/40]	Time  3.429 ( 3.429)	Loss 6.9863e+00 (6.9863e+00)	Acc@1   0.00 (  0.00)	Acc@5   0.00 (  0.00)
Test: [10/40]	Time  0.595 ( 0.856)	Loss 5.6391e+00 (6.1331e+00)	Acc@1   0.00 (  0.00)	Acc@5   0.00 (  0.21)
Test: [20/40]	Time  0.597 ( 0.733)	Loss 4.9084e+00 (5.9887e+00)	Acc@1   0.00 (  0.00)	Acc@5   0.00 (  1.99)
Test: [30/40]	Time  0.578 ( 0.685)	Loss 4.6833e+00 (5.8433e+00)	Acc@1   0.00 (  1.26)	Acc@5   0.00 (  4.25)
 * Acc@1 1.000 Acc@5 4.660
high 215.0
=> creating model 'resnet50'
Test: [ 0/40]	Time  3.750 ( 3.750)	Loss 6.9677e+00 (6.9677e+00)	Acc@1   0.00 (  0.00)	Acc@5   0.00 (  0.00)
Test: [10/40]	Time  0.583 ( 0.875)	Loss 5.6454e+00 (6.1372e+00)	Acc@1   0.00 (  0.00)	Acc@5   0.00 (  0.07)
Test: [20/40]	Time  0.581 ( 0.736)	Loss 4.9321e+00 (5.9977e+00)	Acc@1   0.00 (  0.00)	Acc@5   0.00 (  1.90)
Test: [30/40]	Time  0.572 ( 0.684)	Loss 4.6907e+00 (5.8421e+00)	Acc@1   0.00 (  1.26)	Acc@5   0.00 (  4.36)
 * Acc@1 1.000 Acc@5 4.670
high 218.0
=> creating model 'resnet50'
Test: [ 0/40]	Time  3.264 ( 3.264)	Loss 6.9577e+00 (6.9577e+00)	Acc@1   0.00 (  0.00)	Acc@5   0.00 (  0.00)
Test: [10/40]	Time  0.571 ( 0.821)	Loss 5.6473e+00 (6.1795e+00)	Acc@1   0.00 (  0.00)	Acc@5   0.00 (  0.00)
Test: [20/40]	Time  0.591 ( 0.706)	Loss 5.0115e+00 (6.0491e+00)	Acc@1   0.00 (  0.00)	Acc@5   0.00 (  1.86)
Test: [30/40]	Time  0.561 ( 0.661)	Loss 4.7554e+00 (5.8667e+00)	Acc@1   0.00 (  1.26)	Acc@5   0.00 (  4.99)
 * Acc@1 1.000 Acc@5 4.970
high 221.0
=> creating model 'resnet50'
Test: [ 0/40]	Time  3.509 ( 3.509)	Loss 6.9882e+00 (6.9882e+00)	Acc@1   0.00 (  0.00)	Acc@5   0.00 (  0.00)
Test: [10/40]	Time  0.574 ( 0.840)	Loss 5.6622e+00 (6.2196e+00)	Acc@1   0.00 (  0.00)	Acc@5   0.00 (  0.00)
Test: [20/40]	Time  0.566 ( 0.713)	Loss 5.0672e+00 (6.0901e+00)	Acc@1   0.00 (  0.00)	Acc@5   0.00 (  1.86)
Test: [30/40]	Time  0.550 ( 0.661)	Loss 4.8140e+00 (5.8967e+00)	Acc@1   0.00 (  1.26)	Acc@5   0.00 (  5.03)
 * Acc@1 1.000 Acc@5 4.990
usage: main_fft.py [-h] [-a ARCH] [-j N] [--epochs N] [--start-epoch N] [-b N]
                   [--lr LR] [--momentum M] [--wd W] [-p N] [--resume PATH]
                   [-e] [--pretrained] [--world-size WORLD_SIZE] [--rank RANK]
                   [--dist-url DIST_URL] [--dist-backend DIST_BACKEND]
                   [--seed SEED] [--num_classes NUM_CLASSES] [--gpu GPU]
                   [--multiprocessing-distributed] [--bw BW] [--filter FILTER]
                   DIR
main_fft.py: error: argument --filter: invalid int value: '1../../data/places/data100/'
